MIF/HEX Update report for UART_Memoria
Fri Jul 11 16:21:29 2025
Quartus Prime Version 24.1std.0 Build 1077 03/04/2025 SC Lite Edition


---------------------
; Table of Contents ;
---------------------
  1. Legal Notice
  2. MIF/HEX Update Summary
  3. MIF/HEX Update Processed Files
  4. MIF/HEX Update Messages



----------------
; Legal Notice ;
----------------
Copyright (C) 2025  Altera Corporation. All rights reserved.
Your use of Altera Corporation's design tools, logic functions 
and other software and tools, and any partner logic 
functions, and any output files from any of the foregoing 
(including device programming or simulation files), and any 
associated documentation or information are expressly subject 
to the terms and conditions of the Altera Program License 
Subscription Agreement, the Altera Quartus Prime License Agreement,
the Altera IP License Agreement, or other applicable license
agreement, including, without limitation, that your use is for
the sole purpose of programming logic devices manufactured by
Altera and sold by Altera or its authorized distributors.  Please
refer to the Altera Software License Subscription Agreements 
on the Quartus Prime software download page.



+---------------------------------------------------------------+
; MIF/HEX Update Summary                                        ;
+-----------------------+---------------------------------------+
; MIF/HEX Update Status ; Successful - Fri Jul 11 16:21:29 2025 ;
; Revision Name         ; UART_Memoria                          ;
; Top-level Entity Name ; UART_Memoria                          ;
; Family                ; Cyclone IV E                          ;
; Device                ; EP4CE115F29C7                         ;
+-----------------------+---------------------------------------+


+---------------------------------------------------------------------------+
; MIF/HEX Update Processed Files                                            ;
+---------------------------------------------------------------------------+
; File Name                                                                 ;
+---------------------------------------------------------------------------+
; /home/fontana/dev/ufba/lab-1/sudoku/quartus/UART_Memoria/UART_Memoria.mif ;
+---------------------------------------------------------------------------+


+-------------------------+
; MIF/HEX Update Messages ;
+-------------------------+
Info: *******************************************************************
Info: Running Quartus Prime MIF/HEX Update
    Info: Version 24.1std.0 Build 1077 03/04/2025 SC Lite Edition
    Info: Processing started: Fri Jul 11 16:21:28 2025
Info: Command: quartus_cdb UART_Memoria -c UART_Memoria --update_mif
Warning (18236): Number of processors has not been specified which may cause overloading on shared machines.  Set the global assignment NUM_PARALLEL_PROCESSORS in your QSF to an appropriate value for best performance.
Info (39024): Processed the following Memory Initialization File(s)
    Info (39025): Processed Memory Initialization File /home/fontana/dev/ufba/lab-1/sudoku/quartus/UART_Memoria/UART_Memoria.mif File: /home/fontana/dev/ufba/lab-1/sudoku/quartus/UART_Memoria/UART_Memoria.mif Line: 0
Info: Quartus Prime MIF/HEX Update was successful. 0 errors, 1 warning
    Info: Peak virtual memory: 671 megabytes
    Info: Processing ended: Fri Jul 11 16:21:29 2025
    Info: Elapsed time: 00:00:01
    Info: Total CPU time (on all processors): 00:00:00


