Analysis & Synthesis report for UART_Memoria
Sat Jul 12 01:53:29 2025
Quartus Prime Version 24.1std.0 Build 1077 03/04/2025 SC Lite Edition


---------------------
; Table of Contents ;
---------------------
  1. Legal Notice
  2. Analysis & Synthesis Summary
  3. Analysis & Synthesis Settings
  4. Parallel Compilation
  5. Analysis & Synthesis Source Files Read
  6. Analysis & Synthesis Resource Usage Summary
  7. Analysis & Synthesis Resource Utilization by Entity
  8. State Machine - |UART_Memoria|FullMapSendController:inst7|estado_atual
  9. State Machine - |UART_Memoria|ControladorUART:inst|estado_atual
 10. Registers Removed During Synthesis
 11. General Register Statistics
 12. Inverted Register Statistics
 13. Multiplexer Restructuring Statistics (Restructuring Performed)
 14. Parameter Settings for User Entity Instance: UART:inst1
 15. Parameter Settings for User Entity Instance: ControladorUART:inst
 16. Parameter Settings for User Entity Instance: FullMapSendController:inst7
 17. Post-Synthesis Netlist Statistics for Top Partition
 18. Elapsed Time Per Partition
 19. Analysis & Synthesis Messages
 20. Analysis & Synthesis Suppressed Messages



----------------
; Legal Notice ;
----------------
Copyright (C) 2025  Altera Corporation. All rights reserved.
Your use of Altera Corporation's design tools, logic functions 
and other software and tools, and any partner logic 
functions, and any output files from any of the foregoing 
(including device programming or simulation files), and any 
associated documentation or information are expressly subject 
to the terms and conditions of the Altera Program License 
Subscription Agreement, the Altera Quartus Prime License Agreement,
the Altera IP License Agreement, or other applicable license
agreement, including, without limitation, that your use is for
the sole purpose of programming logic devices manufactured by
Altera and sold by Altera or its authorized distributors.  Please
refer to the Altera Software License Subscription Agreements 
on the Quartus Prime software download page.



+--------------------------------------------------------------------------------------+
; Analysis & Synthesis Summary                                                         ;
+------------------------------------+-------------------------------------------------+
; Analysis & Synthesis Status        ; Successful - Sat Jul 12 01:53:29 2025           ;
; Quartus Prime Version              ; 24.1std.0 Build 1077 03/04/2025 SC Lite Edition ;
; Revision Name                      ; UART_Memoria                                    ;
; Top-level Entity Name              ; UART_Memoria                                    ;
; Family                             ; Cyclone IV E                                    ;
; Total logic elements               ; 162                                             ;
;     Total combinational functions  ; 153                                             ;
;     Dedicated logic registers      ; 89                                              ;
; Total registers                    ; 89                                              ;
; Total pins                         ; 13                                              ;
; Total virtual pins                 ; 0                                               ;
; Total memory bits                  ; 0                                               ;
; Embedded Multiplier 9-bit elements ; 0                                               ;
; Total PLLs                         ; 0                                               ;
+------------------------------------+-------------------------------------------------+


+------------------------------------------------------------------------------------------------------------+
; Analysis & Synthesis Settings                                                                              ;
+------------------------------------------------------------------+--------------------+--------------------+
; Option                                                           ; Setting            ; Default Value      ;
+------------------------------------------------------------------+--------------------+--------------------+
; Device                                                           ; EP4CE115F29C7      ;                    ;
; Top-level entity name                                            ; UART_Memoria       ; UART_Memoria       ;
; Family name                                                      ; Cyclone IV E       ; Cyclone V          ;
; Use smart compilation                                            ; On                 ; Off                ;
; Enable parallel Assembler and Timing Analyzer during compilation ; On                 ; On                 ;
; Enable compact report table                                      ; Off                ; Off                ;
; Restructure Multiplexers                                         ; Auto               ; Auto               ;
; Create Debugging Nodes for IP Cores                              ; Off                ; Off                ;
; Preserve fewer node names                                        ; On                 ; On                 ;
; Intel FPGA IP Evaluation Mode                                    ; Enable             ; Enable             ;
; Verilog Version                                                  ; Verilog_2001       ; Verilog_2001       ;
; VHDL Version                                                     ; VHDL_1993          ; VHDL_1993          ;
; State Machine Processing                                         ; Auto               ; Auto               ;
; Safe State Machine                                               ; Off                ; Off                ;
; Extract Verilog State Machines                                   ; On                 ; On                 ;
; Extract VHDL State Machines                                      ; On                 ; On                 ;
; Ignore Verilog initial constructs                                ; Off                ; Off                ;
; Iteration limit for constant Verilog loops                       ; 5000               ; 5000               ;
; Iteration limit for non-constant Verilog loops                   ; 250                ; 250                ;
; Add Pass-Through Logic to Inferred RAMs                          ; On                 ; On                 ;
; Infer RAMs from Raw Logic                                        ; On                 ; On                 ;
; Parallel Synthesis                                               ; On                 ; On                 ;
; DSP Block Balancing                                              ; Auto               ; Auto               ;
; NOT Gate Push-Back                                               ; On                 ; On                 ;
; Power-Up Don't Care                                              ; On                 ; On                 ;
; Remove Redundant Logic Cells                                     ; Off                ; Off                ;
; Remove Duplicate Registers                                       ; On                 ; On                 ;
; Ignore CARRY Buffers                                             ; Off                ; Off                ;
; Ignore CASCADE Buffers                                           ; Off                ; Off                ;
; Ignore GLOBAL Buffers                                            ; Off                ; Off                ;
; Ignore ROW GLOBAL Buffers                                        ; Off                ; Off                ;
; Ignore LCELL Buffers                                             ; Off                ; Off                ;
; Ignore SOFT Buffers                                              ; On                 ; On                 ;
; Limit AHDL Integers to 32 Bits                                   ; Off                ; Off                ;
; Optimization Technique                                           ; Balanced           ; Balanced           ;
; Carry Chain Length                                               ; 70                 ; 70                 ;
; Auto Carry Chains                                                ; On                 ; On                 ;
; Auto Open-Drain Pins                                             ; On                 ; On                 ;
; Perform WYSIWYG Primitive Resynthesis                            ; Off                ; Off                ;
; Auto ROM Replacement                                             ; On                 ; On                 ;
; Auto RAM Replacement                                             ; On                 ; On                 ;
; Auto DSP Block Replacement                                       ; On                 ; On                 ;
; Auto Shift Register Replacement                                  ; Auto               ; Auto               ;
; Allow Shift Register Merging across Hierarchies                  ; Auto               ; Auto               ;
; Auto Clock Enable Replacement                                    ; On                 ; On                 ;
; Strict RAM Replacement                                           ; Off                ; Off                ;
; Allow Synchronous Control Signals                                ; On                 ; On                 ;
; Force Use of Synchronous Clear Signals                           ; Off                ; Off                ;
; Auto RAM Block Balancing                                         ; On                 ; On                 ;
; Auto RAM to Logic Cell Conversion                                ; Off                ; Off                ;
; Auto Resource Sharing                                            ; Off                ; Off                ;
; Allow Any RAM Size For Recognition                               ; Off                ; Off                ;
; Allow Any ROM Size For Recognition                               ; Off                ; Off                ;
; Allow Any Shift Register Size For Recognition                    ; Off                ; Off                ;
; Use LogicLock Constraints during Resource Balancing              ; On                 ; On                 ;
; Ignore translate_off and synthesis_off directives                ; Off                ; Off                ;
; Timing-Driven Synthesis                                          ; On                 ; On                 ;
; Report Parameter Settings                                        ; On                 ; On                 ;
; Report Source Assignments                                        ; On                 ; On                 ;
; Report Connectivity Checks                                       ; On                 ; On                 ;
; Ignore Maximum Fan-Out Assignments                               ; Off                ; Off                ;
; Synchronization Register Chain Length                            ; 2                  ; 2                  ;
; Power Optimization During Synthesis                              ; Normal compilation ; Normal compilation ;
; HDL message level                                                ; Level2             ; Level2             ;
; Suppress Register Optimization Related Messages                  ; Off                ; Off                ;
; Number of Removed Registers Reported in Synthesis Report         ; 5000               ; 5000               ;
; Number of Swept Nodes Reported in Synthesis Report               ; 5000               ; 5000               ;
; Number of Inverted Registers Reported in Synthesis Report        ; 100                ; 100                ;
; Clock MUX Protection                                             ; On                 ; On                 ;
; Auto Gated Clock Conversion                                      ; Off                ; Off                ;
; Block Design Naming                                              ; Auto               ; Auto               ;
; SDC constraint protection                                        ; Off                ; Off                ;
; Synthesis Effort                                                 ; Auto               ; Auto               ;
; Shift Register Replacement - Allow Asynchronous Clear Signal     ; On                 ; On                 ;
; Pre-Mapping Resynthesis Optimization                             ; Off                ; Off                ;
; Analysis & Synthesis Message Level                               ; Medium             ; Medium             ;
; Disable Register Merging Across Hierarchies                      ; Auto               ; Auto               ;
; Resource Aware Inference For Block RAM                           ; On                 ; On                 ;
+------------------------------------------------------------------+--------------------+--------------------+


+------------------------------------------+
; Parallel Compilation                     ;
+----------------------------+-------------+
; Processors                 ; Number      ;
+----------------------------+-------------+
; Number detected on machine ; 16          ;
; Maximum allowed            ; 16          ;
;                            ;             ;
; Average used               ; 1.00        ;
; Maximum used               ; 16          ;
;                            ;             ;
; Usage by Processor         ; % Time Used ;
;     Processor 1            ; 100.0%      ;
;     Processors 2-16        ;   0.0%      ;
+----------------------------+-------------+


+--------------------------------------------------------------------------------------------------------------------------------------------------------------------------------------+
; Analysis & Synthesis Source Files Read                                                                                                                                               ;
+----------------------------------+-----------------+------------------------------------+----------------------------------------------------------------------------------+---------+
; File Name with User-Entered Path ; Used in Netlist ; File Type                          ; File Name with Absolute Path                                                     ; Library ;
+----------------------------------+-----------------+------------------------------------+----------------------------------------------------------------------------------+---------+
; FullMapSendController.v          ; yes             ; User Verilog HDL File              ; /home/fontana/dev/ufba/lab-1/sudoku/quartus/UART_Memoria/FullMapSendController.v ;         ;
; UART_Memoria.bdf                 ; yes             ; User Block Diagram/Schematic File  ; /home/fontana/dev/ufba/lab-1/sudoku/quartus/UART_Memoria/UART_Memoria.bdf        ;         ;
; ControladorPrincipal.v           ; yes             ; User Verilog HDL File              ; /home/fontana/dev/ufba/lab-1/sudoku/quartus/UART_Memoria/ControladorPrincipal.v  ;         ;
; UART.v                           ; yes             ; User Verilog HDL File              ; /home/fontana/dev/ufba/lab-1/sudoku/quartus/UART_Memoria/UART.v                  ;         ;
+----------------------------------+-----------------+------------------------------------+----------------------------------------------------------------------------------+---------+


+-----------------------------------------------------------+
; Analysis & Synthesis Resource Usage Summary               ;
+---------------------------------------------+-------------+
; Resource                                    ; Usage       ;
+---------------------------------------------+-------------+
; Estimated Total logic elements              ; 162         ;
;                                             ;             ;
; Total combinational functions               ; 153         ;
; Logic element usage by number of LUT inputs ;             ;
;     -- 4 input functions                    ; 73          ;
;     -- 3 input functions                    ; 26          ;
;     -- <=2 input functions                  ; 54          ;
;                                             ;             ;
; Logic elements by mode                      ;             ;
;     -- normal mode                          ; 108         ;
;     -- arithmetic mode                      ; 45          ;
;                                             ;             ;
; Total registers                             ; 89          ;
;     -- Dedicated logic registers            ; 89          ;
;     -- I/O registers                        ; 0           ;
;                                             ;             ;
; I/O pins                                    ; 13          ;
;                                             ;             ;
; Embedded Multiplier 9-bit elements          ; 0           ;
;                                             ;             ;
; Maximum fan-out node                        ; clock~input ;
; Maximum fan-out                             ; 89          ;
; Total fan-out                               ; 873         ;
; Average fan-out                             ; 3.26        ;
+---------------------------------------------+-------------+


+------------------------------------------------------------------------------------------------------------------------------------------------------------------------------------------------------------------------------------------------+
; Analysis & Synthesis Resource Utilization by Entity                                                                                                                                                                                            ;
+----------------------------------+---------------------+---------------------------+-------------+--------------+---------+-----------+------+--------------+-------------------------------------------+-----------------------+--------------+
; Compilation Hierarchy Node       ; Combinational ALUTs ; Dedicated Logic Registers ; Memory Bits ; DSP Elements ; DSP 9x9 ; DSP 18x18 ; Pins ; Virtual Pins ; Full Hierarchy Name                       ; Entity Name           ; Library Name ;
+----------------------------------+---------------------+---------------------------+-------------+--------------+---------+-----------+------+--------------+-------------------------------------------+-----------------------+--------------+
; |UART_Memoria                    ; 153 (0)             ; 89 (0)                    ; 0           ; 0            ; 0       ; 0         ; 13   ; 0            ; |UART_Memoria                             ; UART_Memoria          ; work         ;
;    |ControladorUART:inst|        ; 3 (3)               ; 11 (11)                   ; 0           ; 0            ; 0       ; 0         ; 0    ; 0            ; |UART_Memoria|ControladorUART:inst        ; ControladorUART       ; work         ;
;    |FullMapSendController:inst7| ; 104 (104)           ; 47 (47)                   ; 0           ; 0            ; 0       ; 0         ; 0    ; 0            ; |UART_Memoria|FullMapSendController:inst7 ; FullMapSendController ; work         ;
;    |UART:inst1|                  ; 46 (46)             ; 31 (31)                   ; 0           ; 0            ; 0       ; 0         ; 0    ; 0            ; |UART_Memoria|UART:inst1                  ; UART                  ; work         ;
+----------------------------------+---------------------+---------------------------+-------------+--------------+---------+-----------+------+--------------+-------------------------------------------+-----------------------+--------------+
Note: For table entries with two numbers listed, the numbers in parentheses indicate the number of resources of the given type used by the specific entity alone. The numbers listed outside of parentheses indicate the total resources of the given type used by the specific entity and all of its sub-entities in the hierarchy.


Encoding Type:  One-Hot
+------------------------------------------------------------------------------------------------------------------------------------------------------------------------------------+
; State Machine - |UART_Memoria|FullMapSendController:inst7|estado_atual                                                                                                             ;
+------------------------------+---------------------------+-----------------------------+------------------------------+-----------------------------+------------------------------+
; Name                         ; estado_atual.S_ESPERA_FIM ; estado_atual.S_INICIA_ENVIO ; estado_atual.S_PREPARA_CHUNK ; estado_atual.S_PAUSA_PACOTE ; estado_atual.S_PROXIMO_CHUNK ;
+------------------------------+---------------------------+-----------------------------+------------------------------+-----------------------------+------------------------------+
; estado_atual.S_PAUSA_PACOTE  ; 0                         ; 0                           ; 0                            ; 0                           ; 0                            ;
; estado_atual.S_PREPARA_CHUNK ; 0                         ; 0                           ; 1                            ; 1                           ; 0                            ;
; estado_atual.S_INICIA_ENVIO  ; 0                         ; 1                           ; 0                            ; 1                           ; 0                            ;
; estado_atual.S_ESPERA_FIM    ; 1                         ; 0                           ; 0                            ; 1                           ; 0                            ;
; estado_atual.S_PROXIMO_CHUNK ; 0                         ; 0                           ; 0                            ; 1                           ; 1                            ;
+------------------------------+---------------------------+-----------------------------+------------------------------+-----------------------------+------------------------------+


Encoding Type:  One-Hot
+-------------------------------------------------------------------------------------------------+
; State Machine - |UART_Memoria|ControladorUART:inst|estado_atual                                 ;
+-------------------------+---------------------+-----------------------+-------------------------+
; Name                    ; estado_atual.OCIOSO ; estado_atual.AGUARDAR ; estado_atual.TRANSMITIR ;
+-------------------------+---------------------+-----------------------+-------------------------+
; estado_atual.OCIOSO     ; 0                   ; 0                     ; 0                       ;
; estado_atual.TRANSMITIR ; 1                   ; 0                     ; 1                       ;
; estado_atual.AGUARDAR   ; 1                   ; 1                     ; 0                       ;
+-------------------------+---------------------+-----------------------+-------------------------+


+-------------------------------------------------------------------------------------+
; Registers Removed During Synthesis                                                  ;
+--------------------------------------------+----------------------------------------+
; Register name                              ; Reason for Removal                     ;
+--------------------------------------------+----------------------------------------+
; UART:inst1|rx_ready                        ; Stuck at GND due to stuck port data_in ;
; UART:inst1|tx_shift[9]                     ; Stuck at VCC due to stuck port data_in ;
; FullMapSendController:inst7|estado_atual~7 ; Lost fanout                            ;
; FullMapSendController:inst7|estado_atual~8 ; Lost fanout                            ;
; Total Number of Removed Registers = 4      ;                                        ;
+--------------------------------------------+----------------------------------------+


+------------------------------------------------------+
; General Register Statistics                          ;
+----------------------------------------------+-------+
; Statistic                                    ; Value ;
+----------------------------------------------+-------+
; Total registers                              ; 89    ;
; Number of registers using Synchronous Clear  ; 49    ;
; Number of registers using Synchronous Load   ; 1     ;
; Number of registers using Asynchronous Clear ; 80    ;
; Number of registers using Asynchronous Load  ; 0     ;
; Number of registers using Clock Enable       ; 76    ;
; Number of registers using Preset             ; 0     ;
+----------------------------------------------+-------+


+---------------------------------------------------+
; Inverted Register Statistics                      ;
+-----------------------------------------+---------+
; Inverted Register                       ; Fan out ;
+-----------------------------------------+---------+
; UART:inst1|tx                           ; 2       ;
; UART:inst1|tx_shift[0]                  ; 2       ;
; UART:inst1|tx_shift[1]                  ; 1       ;
; UART:inst1|tx_shift[2]                  ; 1       ;
; UART:inst1|tx_shift[3]                  ; 1       ;
; UART:inst1|tx_shift[4]                  ; 1       ;
; UART:inst1|tx_shift[5]                  ; 1       ;
; UART:inst1|tx_shift[6]                  ; 1       ;
; UART:inst1|tx_shift[7]                  ; 1       ;
; UART:inst1|tx_shift[8]                  ; 1       ;
; Total number of inverted registers = 10 ;         ;
+-----------------------------------------+---------+


+---------------------------------------------------------------------------------------------------------------------------------------------------------------------------+
; Multiplexer Restructuring Statistics (Restructuring Performed)                                                                                                            ;
+--------------------+-----------+---------------+----------------------+------------------------+------------+-------------------------------------------------------------+
; Multiplexer Inputs ; Bus Width ; Baseline Area ; Area if Restructured ; Saving if Restructured ; Registered ; Example Multiplexer Output                                  ;
+--------------------+-----------+---------------+----------------------+------------------------+------------+-------------------------------------------------------------+
; 3:1                ; 4 bits    ; 8 LEs         ; 4 LEs                ; 4 LEs                  ; Yes        ; |UART_Memoria|UART:inst1|tx_bit_cnt[3]                      ;
; 3:1                ; 26 bits   ; 52 LEs        ; 26 LEs               ; 26 LEs                 ; Yes        ; |UART_Memoria|FullMapSendController:inst7|contador_delay[4] ;
; 4:1                ; 16 bits   ; 32 LEs        ; 16 LEs               ; 16 LEs                 ; Yes        ; |UART_Memoria|UART:inst1|tx_clk_cnt[6]                      ;
; 6:1                ; 6 bits    ; 24 LEs        ; 6 LEs                ; 18 LEs                 ; Yes        ; |UART_Memoria|FullMapSendController:inst7|indice_chunk[0]   ;
; 3:1                ; 8 bits    ; 16 LEs        ; 8 LEs                ; 8 LEs                  ; Yes        ; |UART_Memoria|UART:inst1|tx_shift[2]                        ;
; 6:1                ; 2 bits    ; 8 LEs         ; 6 LEs                ; 2 LEs                  ; No         ; |UART_Memoria|FullMapSendController:inst7|Selector8         ;
; 7:1                ; 2 bits    ; 8 LEs         ; 6 LEs                ; 2 LEs                  ; No         ; |UART_Memoria|FullMapSendController:inst7|Selector11        ;
+--------------------+-----------+---------------+----------------------+------------------------+------------+-------------------------------------------------------------+


+---------------------------------------------------------+
; Parameter Settings for User Entity Instance: UART:inst1 ;
+----------------+----------+-----------------------------+
; Parameter Name ; Value    ; Type                        ;
+----------------+----------+-----------------------------+
; CLK_FREQ       ; 50000000 ; Signed Integer              ;
; BAUD           ; 115200   ; Signed Integer              ;
+----------------+----------+-----------------------------+
Note: In order to hide this table in the UI and the text report file, please set the "Show Parameter Settings in Synthesis Report" option in "Analysis and Synthesis Settings -> More Settings" to "Off".


+-------------------------------------------------------------------+
; Parameter Settings for User Entity Instance: ControladorUART:inst ;
+----------------+-------+------------------------------------------+
; Parameter Name ; Value ; Type                                     ;
+----------------+-------+------------------------------------------+
; OCIOSO         ; 00    ; Unsigned Binary                          ;
; TRANSMITIR     ; 01    ; Unsigned Binary                          ;
; AGUARDAR       ; 10    ; Unsigned Binary                          ;
+----------------+-------+------------------------------------------+
Note: In order to hide this table in the UI and the text report file, please set the "Show Parameter Settings in Synthesis Report" option in "Analysis and Synthesis Settings -> More Settings" to "Off".


+--------------------------------------------------------------------------+
; Parameter Settings for User Entity Instance: FullMapSendController:inst7 ;
+-----------------+-------+------------------------------------------------+
; Parameter Name  ; Value ; Type                                           ;
+-----------------+-------+------------------------------------------------+
; S_PAUSA_PACOTE  ; 000   ; Unsigned Binary                                ;
; S_PREPARA_CHUNK ; 001   ; Unsigned Binary                                ;
; S_INICIA_ENVIO  ; 010   ; Unsigned Binary                                ;
; S_ESPERA_FIM    ; 011   ; Unsigned Binary                                ;
; S_PROXIMO_CHUNK ; 100   ; Unsigned Binary                                ;
+-----------------+-------+------------------------------------------------+
Note: In order to hide this table in the UI and the text report file, please set the "Show Parameter Settings in Synthesis Report" option in "Analysis and Synthesis Settings -> More Settings" to "Off".


+-----------------------------------------------------+
; Post-Synthesis Netlist Statistics for Top Partition ;
+-----------------------+-----------------------------+
; Type                  ; Count                       ;
+-----------------------+-----------------------------+
; boundary_port         ; 13                          ;
; cycloneiii_ff         ; 89                          ;
;     CLR               ; 12                          ;
;     ENA               ; 8                           ;
;     ENA CLR           ; 19                          ;
;     ENA CLR SCLR      ; 48                          ;
;     ENA CLR SCLR SLD  ; 1                           ;
;     plain             ; 1                           ;
; cycloneiii_lcell_comb ; 155                         ;
;     arith             ; 45                          ;
;         2 data inputs ; 45                          ;
;     normal            ; 110                         ;
;         0 data inputs ; 1                           ;
;         1 data inputs ; 4                           ;
;         2 data inputs ; 6                           ;
;         3 data inputs ; 26                          ;
;         4 data inputs ; 73                          ;
;                       ;                             ;
; Max LUT depth         ; 6.00                        ;
; Average LUT depth     ; 2.88                        ;
+-----------------------+-----------------------------+


+-------------------------------+
; Elapsed Time Per Partition    ;
+----------------+--------------+
; Partition Name ; Elapsed Time ;
+----------------+--------------+
; Top            ; 00:00:00     ;
+----------------+--------------+


+-------------------------------+
; Analysis & Synthesis Messages ;
+-------------------------------+
Info: *******************************************************************
Info: Running Quartus Prime Analysis & Synthesis
    Info: Version 24.1std.0 Build 1077 03/04/2025 SC Lite Edition
    Info: Processing started: Sat Jul 12 01:53:24 2025
Info: Command: quartus_map --read_settings_files=on --write_settings_files=off UART_Memoria -c UART_Memoria
Warning (18236): Number of processors has not been specified which may cause overloading on shared machines.  Set the global assignment NUM_PARALLEL_PROCESSORS in your QSF to an appropriate value for best performance.
Info (20030): Parallel compilation is enabled and will use 16 of the 16 processors detected
Info (12021): Found 1 design units, including 1 entities, in source file FullMapSendController.v
    Info (12023): Found entity 1: FullMapSendController File: /home/fontana/dev/ufba/lab-1/sudoku/quartus/UART_Memoria/FullMapSendController.v Line: 1
Info (12021): Found 1 design units, including 1 entities, in source file UART_Memoria.bdf
    Info (12023): Found entity 1: UART_Memoria
Info (12021): Found 1 design units, including 1 entities, in source file ControladorPrincipal.v
    Info (12023): Found entity 1: ControladorUART File: /home/fontana/dev/ufba/lab-1/sudoku/quartus/UART_Memoria/ControladorPrincipal.v Line: 9
Info (12021): Found 1 design units, including 1 entities, in source file UART.v
    Info (12023): Found entity 1: UART File: /home/fontana/dev/ufba/lab-1/sudoku/quartus/UART_Memoria/UART.v Line: 1
Info (12021): Found 2 design units, including 1 entities, in source file Memoria.vhd
    Info (12022): Found design unit 1: memoria-SYN File: /home/fontana/dev/ufba/lab-1/sudoku/quartus/UART_Memoria/Memoria.vhd Line: 54
    Info (12023): Found entity 1: Memoria File: /home/fontana/dev/ufba/lab-1/sudoku/quartus/UART_Memoria/Memoria.vhd Line: 42
Info (12127): Elaborating entity "UART_Memoria" for the top level hierarchy
Info (12128): Elaborating entity "UART" for hierarchy "UART:inst1"
Warning (10230): Verilog HDL assignment warning at UART.v(41): truncated value with size 32 to match size of target (16) File: /home/fontana/dev/ufba/lab-1/sudoku/quartus/UART_Memoria/UART.v Line: 41
Warning (10230): Verilog HDL assignment warning at UART.v(50): truncated value with size 32 to match size of target (4) File: /home/fontana/dev/ufba/lab-1/sudoku/quartus/UART_Memoria/UART.v Line: 50
Warning (10230): Verilog HDL assignment warning at UART.v(53): truncated value with size 32 to match size of target (1) File: /home/fontana/dev/ufba/lab-1/sudoku/quartus/UART_Memoria/UART.v Line: 53
Warning (10230): Verilog HDL assignment warning at UART.v(58): truncated value with size 32 to match size of target (16) File: /home/fontana/dev/ufba/lab-1/sudoku/quartus/UART_Memoria/UART.v Line: 58
Warning (10199): Verilog HDL Case Statement warning at UART.v(61): case item expression never matches the case expression File: /home/fontana/dev/ufba/lab-1/sudoku/quartus/UART_Memoria/UART.v Line: 61
Warning (10230): Verilog HDL assignment warning at UART.v(101): truncated value with size 32 to match size of target (4) File: /home/fontana/dev/ufba/lab-1/sudoku/quartus/UART_Memoria/UART.v Line: 101
Warning (10230): Verilog HDL assignment warning at UART.v(110): truncated value with size 32 to match size of target (16) File: /home/fontana/dev/ufba/lab-1/sudoku/quartus/UART_Memoria/UART.v Line: 110
Warning (10034): Output port "rx_data" at UART.v(6) has no driver File: /home/fontana/dev/ufba/lab-1/sudoku/quartus/UART_Memoria/UART.v Line: 6
Info (12128): Elaborating entity "ControladorUART" for hierarchy "ControladorUART:inst"
Warning (10270): Verilog HDL Case Statement warning at ControladorPrincipal.v(109): incomplete case statement has no default case item File: /home/fontana/dev/ufba/lab-1/sudoku/quartus/UART_Memoria/ControladorPrincipal.v Line: 109
Info (12128): Elaborating entity "FullMapSendController" for hierarchy "FullMapSendController:inst7"
Warning (10230): Verilog HDL assignment warning at FullMapSendController.v(79): truncated value with size 32 to match size of target (26) File: /home/fontana/dev/ufba/lab-1/sudoku/quartus/UART_Memoria/FullMapSendController.v Line: 79
Warning (10230): Verilog HDL assignment warning at FullMapSendController.v(89): truncated value with size 328 to match size of target (8) File: /home/fontana/dev/ufba/lab-1/sudoku/quartus/UART_Memoria/FullMapSendController.v Line: 89
Warning (10230): Verilog HDL assignment warning at FullMapSendController.v(112): truncated value with size 32 to match size of target (6) File: /home/fontana/dev/ufba/lab-1/sudoku/quartus/UART_Memoria/FullMapSendController.v Line: 112
Info (13000): Registers with preset signals will power-up high File: /home/fontana/dev/ufba/lab-1/sudoku/quartus/UART_Memoria/UART.v Line: 5
Info (13003): DEV_CLRn pin will set, and not reset, register with preset signal due to NOT Gate Push-Back
Warning (13024): Output pins are stuck at VCC or GND
    Warning (13410): Pin "rx_ready" is stuck at GND
    Warning (13410): Pin "rx_data[7]" is stuck at GND
    Warning (13410): Pin "rx_data[6]" is stuck at GND
    Warning (13410): Pin "rx_data[5]" is stuck at GND
    Warning (13410): Pin "rx_data[4]" is stuck at GND
    Warning (13410): Pin "rx_data[3]" is stuck at GND
    Warning (13410): Pin "rx_data[2]" is stuck at GND
    Warning (13410): Pin "rx_data[1]" is stuck at GND
    Warning (13410): Pin "rx_data[0]" is stuck at GND
Info (286030): Timing-Driven Synthesis is running
Info (17049): 2 registers lost all their fanouts during netlist optimizations.
Info (144001): Generated suppressed messages file /home/fontana/dev/ufba/lab-1/sudoku/quartus/UART_Memoria/output_files/UART_Memoria.map.smsg
Info (16010): Generating hard_block partition "hard_block:auto_generated_inst"
    Info (16011): Adding 0 node(s), including 0 DDIO, 0 PLL, 0 transceiver and 0 LCELL
Warning (21074): Design contains 1 input pin(s) that do not drive logic
    Warning (15610): No output dependent on input pin "rx"
Info (21057): Implemented 176 device resources after synthesis - the final resource count might be different
    Info (21058): Implemented 3 input pins
    Info (21059): Implemented 10 output pins
    Info (21061): Implemented 163 logic cells
Info: Quartus Prime Analysis & Synthesis was successful. 0 errors, 25 warnings
    Info: Peak virtual memory: 505 megabytes
    Info: Processing ended: Sat Jul 12 01:53:29 2025
    Info: Elapsed time: 00:00:05
    Info: Total CPU time (on all processors): 00:00:15


+------------------------------------------+
; Analysis & Synthesis Suppressed Messages ;
+------------------------------------------+
The suppressed messages can be found in /home/fontana/dev/ufba/lab-1/sudoku/quartus/UART_Memoria/output_files/UART_Memoria.map.smsg.


