Analysis & Synthesis report for communication
Wed Jun 11 21:38:18 2025
Quartus Prime Version 24.1std.0 Build 1077 03/04/2025 SC Lite Edition


---------------------
; Table of Contents ;
---------------------
  1. Legal Notice
  2. Analysis & Synthesis Summary
  3. Analysis & Synthesis Settings
  4. Parallel Compilation
  5. Analysis & Synthesis Source Files Read
  6. Analysis & Synthesis Resource Usage Summary
  7. Analysis & Synthesis Resource Utilization by Entity
  8. State Machine - |top|uart_tx8:uart|state
  9. State Machine - |top|controller_top:controller|controller_reader:controller|state
 10. Registers Removed During Synthesis
 11. Removed Registers Triggering Further Register Optimizations
 12. General Register Statistics
 13. Inverted Register Statistics
 14. Multiplexer Restructuring Statistics (Restructuring Performed)
 15. Parameter Settings for User Entity Instance: uart_tx8:uart|uart_tx:uart
 16. Port Connectivity Checks: "uart_tx8:uart"
 17. Post-Synthesis Netlist Statistics for Top Partition
 18. Elapsed Time Per Partition
 19. Analysis & Synthesis Messages
 20. Analysis & Synthesis Suppressed Messages



----------------
; Legal Notice ;
----------------
Copyright (C) 2025  Altera Corporation. All rights reserved.
Your use of Altera Corporation's design tools, logic functions 
and other software and tools, and any partner logic 
functions, and any output files from any of the foregoing 
(including device programming or simulation files), and any 
associated documentation or information are expressly subject 
to the terms and conditions of the Altera Program License 
Subscription Agreement, the Altera Quartus Prime License Agreement,
the Altera IP License Agreement, or other applicable license
agreement, including, without limitation, that your use is for
the sole purpose of programming logic devices manufactured by
Altera and sold by Altera or its authorized distributors.  Please
refer to the Altera Software License Subscription Agreements 
on the Quartus Prime software download page.



+--------------------------------------------------------------------------------------+
; Analysis & Synthesis Summary                                                         ;
+------------------------------------+-------------------------------------------------+
; Analysis & Synthesis Status        ; Successful - Wed Jun 11 21:38:18 2025           ;
; Quartus Prime Version              ; 24.1std.0 Build 1077 03/04/2025 SC Lite Edition ;
; Revision Name                      ; communication                                   ;
; Top-level Entity Name              ; top                                             ;
; Family                             ; Cyclone IV E                                    ;
; Total logic elements               ; 43                                              ;
;     Total combinational functions  ; 38                                              ;
;     Dedicated logic registers      ; 27                                              ;
; Total registers                    ; 27                                              ;
; Total pins                         ; 52                                              ;
; Total virtual pins                 ; 0                                               ;
; Total memory bits                  ; 0                                               ;
; Embedded Multiplier 9-bit elements ; 0                                               ;
; Total PLLs                         ; 0                                               ;
+------------------------------------+-------------------------------------------------+


+------------------------------------------------------------------------------------------------------------+
; Analysis & Synthesis Settings                                                                              ;
+------------------------------------------------------------------+--------------------+--------------------+
; Option                                                           ; Setting            ; Default Value      ;
+------------------------------------------------------------------+--------------------+--------------------+
; Device                                                           ; EP4CE115F29C8      ;                    ;
; Top-level entity name                                            ; top                ; communication      ;
; Family name                                                      ; Cyclone IV E       ; Cyclone V          ;
; Use smart compilation                                            ; Off                ; Off                ;
; Enable parallel Assembler and Timing Analyzer during compilation ; On                 ; On                 ;
; Enable compact report table                                      ; Off                ; Off                ;
; Restructure Multiplexers                                         ; Auto               ; Auto               ;
; Create Debugging Nodes for IP Cores                              ; Off                ; Off                ;
; Preserve fewer node names                                        ; On                 ; On                 ;
; Intel FPGA IP Evaluation Mode                                    ; Enable             ; Enable             ;
; Verilog Version                                                  ; Verilog_2001       ; Verilog_2001       ;
; VHDL Version                                                     ; VHDL_1993          ; VHDL_1993          ;
; State Machine Processing                                         ; Auto               ; Auto               ;
; Safe State Machine                                               ; Off                ; Off                ;
; Extract Verilog State Machines                                   ; On                 ; On                 ;
; Extract VHDL State Machines                                      ; On                 ; On                 ;
; Ignore Verilog initial constructs                                ; Off                ; Off                ;
; Iteration limit for constant Verilog loops                       ; 5000               ; 5000               ;
; Iteration limit for non-constant Verilog loops                   ; 250                ; 250                ;
; Add Pass-Through Logic to Inferred RAMs                          ; On                 ; On                 ;
; Infer RAMs from Raw Logic                                        ; On                 ; On                 ;
; Parallel Synthesis                                               ; On                 ; On                 ;
; DSP Block Balancing                                              ; Auto               ; Auto               ;
; NOT Gate Push-Back                                               ; On                 ; On                 ;
; Power-Up Don't Care                                              ; On                 ; On                 ;
; Remove Redundant Logic Cells                                     ; Off                ; Off                ;
; Remove Duplicate Registers                                       ; On                 ; On                 ;
; Ignore CARRY Buffers                                             ; Off                ; Off                ;
; Ignore CASCADE Buffers                                           ; Off                ; Off                ;
; Ignore GLOBAL Buffers                                            ; Off                ; Off                ;
; Ignore ROW GLOBAL Buffers                                        ; Off                ; Off                ;
; Ignore LCELL Buffers                                             ; Off                ; Off                ;
; Ignore SOFT Buffers                                              ; On                 ; On                 ;
; Limit AHDL Integers to 32 Bits                                   ; Off                ; Off                ;
; Optimization Technique                                           ; Balanced           ; Balanced           ;
; Carry Chain Length                                               ; 70                 ; 70                 ;
; Auto Carry Chains                                                ; On                 ; On                 ;
; Auto Open-Drain Pins                                             ; On                 ; On                 ;
; Perform WYSIWYG Primitive Resynthesis                            ; Off                ; Off                ;
; Auto ROM Replacement                                             ; On                 ; On                 ;
; Auto RAM Replacement                                             ; On                 ; On                 ;
; Auto DSP Block Replacement                                       ; On                 ; On                 ;
; Auto Shift Register Replacement                                  ; Auto               ; Auto               ;
; Allow Shift Register Merging across Hierarchies                  ; Auto               ; Auto               ;
; Auto Clock Enable Replacement                                    ; On                 ; On                 ;
; Strict RAM Replacement                                           ; Off                ; Off                ;
; Allow Synchronous Control Signals                                ; On                 ; On                 ;
; Force Use of Synchronous Clear Signals                           ; Off                ; Off                ;
; Auto RAM Block Balancing                                         ; On                 ; On                 ;
; Auto RAM to Logic Cell Conversion                                ; Off                ; Off                ;
; Auto Resource Sharing                                            ; Off                ; Off                ;
; Allow Any RAM Size For Recognition                               ; Off                ; Off                ;
; Allow Any ROM Size For Recognition                               ; Off                ; Off                ;
; Allow Any Shift Register Size For Recognition                    ; Off                ; Off                ;
; Use LogicLock Constraints during Resource Balancing              ; On                 ; On                 ;
; Ignore translate_off and synthesis_off directives                ; Off                ; Off                ;
; Timing-Driven Synthesis                                          ; On                 ; On                 ;
; Report Parameter Settings                                        ; On                 ; On                 ;
; Report Source Assignments                                        ; On                 ; On                 ;
; Report Connectivity Checks                                       ; On                 ; On                 ;
; Ignore Maximum Fan-Out Assignments                               ; Off                ; Off                ;
; Synchronization Register Chain Length                            ; 2                  ; 2                  ;
; Power Optimization During Synthesis                              ; Normal compilation ; Normal compilation ;
; HDL message level                                                ; Level2             ; Level2             ;
; Suppress Register Optimization Related Messages                  ; Off                ; Off                ;
; Number of Removed Registers Reported in Synthesis Report         ; 5000               ; 5000               ;
; Number of Swept Nodes Reported in Synthesis Report               ; 5000               ; 5000               ;
; Number of Inverted Registers Reported in Synthesis Report        ; 100                ; 100                ;
; Clock MUX Protection                                             ; On                 ; On                 ;
; Auto Gated Clock Conversion                                      ; Off                ; Off                ;
; Block Design Naming                                              ; Auto               ; Auto               ;
; SDC constraint protection                                        ; Off                ; Off                ;
; Synthesis Effort                                                 ; Auto               ; Auto               ;
; Shift Register Replacement - Allow Asynchronous Clear Signal     ; On                 ; On                 ;
; Pre-Mapping Resynthesis Optimization                             ; Off                ; Off                ;
; Analysis & Synthesis Message Level                               ; Medium             ; Medium             ;
; Disable Register Merging Across Hierarchies                      ; Auto               ; Auto               ;
; Resource Aware Inference For Block RAM                           ; On                 ; On                 ;
+------------------------------------------------------------------+--------------------+--------------------+


+------------------------------------------+
; Parallel Compilation                     ;
+----------------------------+-------------+
; Processors                 ; Number      ;
+----------------------------+-------------+
; Number detected on machine ; 16          ;
; Maximum allowed            ; 16          ;
;                            ;             ;
; Average used               ; 1.00        ;
; Maximum used               ; 16          ;
;                            ;             ;
; Usage by Processor         ; % Time Used ;
;     Processor 1            ; 100.0%      ;
;     Processors 2-16        ;   0.0%      ;
+----------------------------+-------------+


+---------------------------------------------------------------------------------------------------------------------------------------------------------------------+
; Analysis & Synthesis Source Files Read                                                                                                                              ;
+---------------------------------------+-----------------+------------------------+------------------------------------------------------------------------+---------+
; File Name with User-Entered Path      ; Used in Netlist ; File Type              ; File Name with Absolute Path                                           ; Library ;
+---------------------------------------+-----------------+------------------------+------------------------------------------------------------------------+---------+
; ../modules/comunication/design.v      ; yes             ; User Verilog HDL File  ; /home/fontana/dev/ufba/lab-1/sudoku/modules/comunication/design.v      ;         ;
; ../modules/comunication/uart_tx.v     ; yes             ; User Verilog HDL File  ; /home/fontana/dev/ufba/lab-1/sudoku/modules/comunication/uart_tx.v     ;         ;
; ../modules/controller/reader/design.v ; yes             ; User Verilog HDL File  ; /home/fontana/dev/ufba/lab-1/sudoku/modules/controller/reader/design.v ;         ;
; ../modules/controller/design.v        ; yes             ; User Verilog HDL File  ; /home/fontana/dev/ufba/lab-1/sudoku/modules/controller/design.v        ;         ;
; ../design.v                           ; yes             ; User Verilog HDL File  ; /home/fontana/dev/ufba/lab-1/sudoku/design.v                           ;         ;
+---------------------------------------+-----------------+------------------------+------------------------------------------------------------------------+---------+


+--------------------------------------------------------------+
; Analysis & Synthesis Resource Usage Summary                  ;
+---------------------------------------------+----------------+
; Resource                                    ; Usage          ;
+---------------------------------------------+----------------+
; Estimated Total logic elements              ; 43             ;
;                                             ;                ;
; Total combinational functions               ; 38             ;
; Logic element usage by number of LUT inputs ;                ;
;     -- 4 input functions                    ; 10             ;
;     -- 3 input functions                    ; 3              ;
;     -- <=2 input functions                  ; 25             ;
;                                             ;                ;
; Logic elements by mode                      ;                ;
;     -- normal mode                          ; 27             ;
;     -- arithmetic mode                      ; 11             ;
;                                             ;                ;
; Total registers                             ; 27             ;
;     -- Dedicated logic registers            ; 27             ;
;     -- I/O registers                        ; 0              ;
;                                             ;                ;
; I/O pins                                    ; 52             ;
;                                             ;                ;
; Embedded Multiplier 9-bit elements          ; 0              ;
;                                             ;                ;
; Maximum fan-out node                        ; CLOCK_50~input ;
; Maximum fan-out                             ; 27             ;
; Total fan-out                               ; 278            ;
; Average fan-out                             ; 1.36           ;
+---------------------------------------------+----------------+


+------------------------------------------------------------------------------------------------------------------------------------------------------------------------------------------------------------------------------------------------------------------+
; Analysis & Synthesis Resource Utilization by Entity                                                                                                                                                                                                              ;
+--------------------------------------+---------------------+---------------------------+-------------+--------------+---------+-----------+------+--------------+-------------------------------------------------------------+-------------------+--------------+
; Compilation Hierarchy Node           ; Combinational ALUTs ; Dedicated Logic Registers ; Memory Bits ; DSP Elements ; DSP 9x9 ; DSP 18x18 ; Pins ; Virtual Pins ; Full Hierarchy Name                                         ; Entity Name       ; Library Name ;
+--------------------------------------+---------------------+---------------------------+-------------+--------------+---------+-----------+------+--------------+-------------------------------------------------------------+-------------------+--------------+
; |top                                 ; 38 (0)              ; 27 (0)                    ; 0           ; 0            ; 0       ; 0         ; 52   ; 0            ; |top                                                        ; top               ; work         ;
;    |controller_top:controller|       ; 38 (0)              ; 27 (0)                    ; 0           ; 0            ; 0       ; 0         ; 0    ; 0            ; |top|controller_top:controller                              ; controller_top    ; work         ;
;       |controller_reader:controller| ; 38 (38)             ; 27 (27)                   ; 0           ; 0            ; 0       ; 0         ; 0    ; 0            ; |top|controller_top:controller|controller_reader:controller ; controller_reader ; work         ;
+--------------------------------------+---------------------+---------------------------+-------------+--------------+---------+-----------+------+--------------+-------------------------------------------------------------+-------------------+--------------+
Note: For table entries with two numbers listed, the numbers in parentheses indicate the number of resources of the given type used by the specific entity alone. The numbers listed outside of parentheses indicate the total resources of the given type used by the specific entity and all of its sub-entities in the hierarchy.


Encoding Type:  One-Hot
+-----------------------------------------------------+
; State Machine - |top|uart_tx8:uart|state            ;
+-------------+------------+------------+-------------+
; Name        ; state.IDLE ; state.WAIT ; state.START ;
+-------------+------------+------------+-------------+
; state.IDLE  ; 0          ; 0          ; 0           ;
; state.START ; 1          ; 0          ; 1           ;
; state.WAIT  ; 1          ; 1          ; 0           ;
+-------------+------------+------------+-------------+


Encoding Type:  One-Hot
+---------------------------------------------------------------------------------------------------------------------------------------------------------------------------------------------+
; State Machine - |top|controller_top:controller|controller_reader:controller|state                                                                                                           ;
+-------------------+-----------------+------------------+------------------+-------------------+-----------------+-----------------+------------------+------------------+-------------------+
; Name              ; state.STATE_SIX ; state.STATE_FIVE ; state.STATE_FOUR ; state.STATE_THREE ; state.STATE_TWO ; state.STATE_ONE ; state.STATE_ZERO ; state.STATE_IDLE ; state.STATE_SEVEN ;
+-------------------+-----------------+------------------+------------------+-------------------+-----------------+-----------------+------------------+------------------+-------------------+
; state.STATE_IDLE  ; 0               ; 0                ; 0                ; 0                 ; 0               ; 0               ; 0                ; 0                ; 0                 ;
; state.STATE_ZERO  ; 0               ; 0                ; 0                ; 0                 ; 0               ; 0               ; 1                ; 1                ; 0                 ;
; state.STATE_ONE   ; 0               ; 0                ; 0                ; 0                 ; 0               ; 1               ; 0                ; 1                ; 0                 ;
; state.STATE_TWO   ; 0               ; 0                ; 0                ; 0                 ; 1               ; 0               ; 0                ; 1                ; 0                 ;
; state.STATE_THREE ; 0               ; 0                ; 0                ; 1                 ; 0               ; 0               ; 0                ; 1                ; 0                 ;
; state.STATE_FOUR  ; 0               ; 0                ; 1                ; 0                 ; 0               ; 0               ; 0                ; 1                ; 0                 ;
; state.STATE_FIVE  ; 0               ; 1                ; 0                ; 0                 ; 0               ; 0               ; 0                ; 1                ; 0                 ;
; state.STATE_SIX   ; 1               ; 0                ; 0                ; 0                 ; 0               ; 0               ; 0                ; 1                ; 0                 ;
; state.STATE_SEVEN ; 0               ; 0                ; 0                ; 0                 ; 0               ; 0               ; 0                ; 1                ; 1                 ;
+-------------------+-----------------+------------------+------------------+-------------------+-----------------+-----------------+------------------+------------------+-------------------+


+----------------------------------------------------------------------------------------------------------------------------------------------------------------+
; Registers Removed During Synthesis                                                                                                                             ;
+--------------------------------------------------------------------------+-------------------------------------------------------------------------------------+
; Register name                                                            ; Reason for Removal                                                                  ;
+--------------------------------------------------------------------------+-------------------------------------------------------------------------------------+
; uart_tx8:uart|uart_tx:uart|sending                                       ; Merged with uart_tx8:uart|uart_tx:uart|busy                                         ;
; uart_tx8:uart|sending                                                    ; Stuck at GND due to stuck port data_in                                              ;
; uart_tx8:uart|byte_start                                                 ; Stuck at GND due to stuck port data_in                                              ;
; uart_tx8:uart|uart_tx:uart|busy                                          ; Stuck at GND due to stuck port clock_enable                                         ;
; uart_tx8:uart|state.START                                                ; Lost fanout                                                                         ;
; controller_top:controller|controller_reader:controller|state~11          ; Lost fanout                                                                         ;
; controller_top:controller|controller_reader:controller|state~12          ; Lost fanout                                                                         ;
; controller_top:controller|controller_reader:controller|state~13          ; Lost fanout                                                                         ;
; uart_tx8:uart|state.IDLE                                                 ; Stuck at GND due to stuck port data_in                                              ;
; uart_tx8:uart|state.WAIT                                                 ; Lost fanout                                                                         ;
; controller_top:controller|controller_reader:controller|state.STATE_SEVEN ; Merged with controller_top:controller|controller_reader:controller|state.STATE_FIVE ;
; controller_top:controller|controller_reader:controller|state.STATE_SIX   ; Merged with controller_top:controller|controller_reader:controller|state.STATE_FIVE ;
; controller_top:controller|controller_reader:controller|state.STATE_FIVE  ; Stuck at GND due to stuck port data_in                                              ;
; controller_top:controller|controller_reader:controller|mode              ; Stuck at GND due to stuck port clock_enable                                         ;
; controller_top:controller|controller_reader:controller|output_z          ; Stuck at GND due to stuck port clock_enable                                         ;
; controller_top:controller|controller_reader:controller|y                 ; Stuck at GND due to stuck port clock_enable                                         ;
; controller_top:controller|controller_reader:controller|output_x          ; Stuck at GND due to stuck port clock_enable                                         ;
; Total Number of Removed Registers = 17                                   ;                                                                                     ;
+--------------------------------------------------------------------------+-------------------------------------------------------------------------------------+


+------------------------------------------------------------------------------------------------------------------------------------------------------------------------+
; Removed Registers Triggering Further Register Optimizations                                                                                                            ;
+-------------------------------------------------------------------------+---------------------------+------------------------------------------------------------------+
; Register name                                                           ; Reason for Removal        ; Registers Removed due to This Register                           ;
+-------------------------------------------------------------------------+---------------------------+------------------------------------------------------------------+
; controller_top:controller|controller_reader:controller|state.STATE_FIVE ; Stuck at GND              ; controller_top:controller|controller_reader:controller|mode,     ;
;                                                                         ; due to stuck port data_in ; controller_top:controller|controller_reader:controller|output_z, ;
;                                                                         ;                           ; controller_top:controller|controller_reader:controller|y,        ;
;                                                                         ;                           ; controller_top:controller|controller_reader:controller|output_x  ;
; uart_tx8:uart|byte_start                                                ; Stuck at GND              ; uart_tx8:uart|uart_tx:uart|busy                                  ;
;                                                                         ; due to stuck port data_in ;                                                                  ;
+-------------------------------------------------------------------------+---------------------------+------------------------------------------------------------------+


+------------------------------------------------------+
; General Register Statistics                          ;
+----------------------------------------------+-------+
; Statistic                                    ; Value ;
+----------------------------------------------+-------+
; Total registers                              ; 27    ;
; Number of registers using Synchronous Clear  ; 12    ;
; Number of registers using Synchronous Load   ; 0     ;
; Number of registers using Asynchronous Clear ; 13    ;
; Number of registers using Asynchronous Load  ; 0     ;
; Number of registers using Clock Enable       ; 13    ;
; Number of registers using Preset             ; 0     ;
+----------------------------------------------+-------+


+-------------------------------------------------------------------------+
; Inverted Register Statistics                                            ;
+---------------------------------------------------------------+---------+
; Inverted Register                                             ; Fan out ;
+---------------------------------------------------------------+---------+
; controller_top:controller|controller_reader:controller|select ; 1       ;
; Total number of inverted registers = 1                        ;         ;
+---------------------------------------------------------------+---------+


+--------------------------------------------------------------------------------------------------------------------------------------------------------------------------------------------+
; Multiplexer Restructuring Statistics (Restructuring Performed)                                                                                                                             ;
+--------------------+-----------+---------------+----------------------+------------------------+------------+------------------------------------------------------------------------------+
; Multiplexer Inputs ; Bus Width ; Baseline Area ; Area if Restructured ; Saving if Restructured ; Registered ; Example Multiplexer Output                                                   ;
+--------------------+-----------+---------------+----------------------+------------------------+------------+------------------------------------------------------------------------------+
; 11:1               ; 9 bits    ; 63 LEs        ; 36 LEs               ; 27 LEs                 ; No         ; |top|controller_top:controller|controller_reader:controller|state.STATE_IDLE ;
+--------------------+-----------+---------------+----------------------+------------------------+------------+------------------------------------------------------------------------------+


+-------------------------------------------------------------------------+
; Parameter Settings for User Entity Instance: uart_tx8:uart|uart_tx:uart ;
+----------------+--------+-----------------------------------------------+
; Parameter Name ; Value  ; Type                                          ;
+----------------+--------+-----------------------------------------------+
; BAUD_DIV       ; 115200 ; Signed Integer                                ;
+----------------+--------+-----------------------------------------------+
Note: In order to hide this table in the UI and the text report file, please set the "Show Parameter Settings in Synthesis Report" option in "Analysis and Synthesis Settings -> More Settings" to "Off".


+-------------------------------------------+
; Port Connectivity Checks: "uart_tx8:uart" ;
+-------+-------+----------+----------------+
; Port  ; Type  ; Severity ; Details        ;
+-------+-------+----------+----------------+
; data  ; Input ; Info     ; Stuck at GND   ;
; start ; Input ; Info     ; Stuck at GND   ;
+-------+-------+----------+----------------+


+-----------------------------------------------------+
; Post-Synthesis Netlist Statistics for Top Partition ;
+-----------------------+-----------------------------+
; Type                  ; Count                       ;
+-----------------------+-----------------------------+
; boundary_port         ; 52                          ;
; cycloneiii_ff         ; 27                          ;
;     CLR               ; 1                           ;
;     CLR SCLR          ; 12                          ;
;     ENA               ; 13                          ;
;     plain             ; 1                           ;
; cycloneiii_io_obuf    ; 36                          ;
; cycloneiii_lcell_comb ; 40                          ;
;     arith             ; 11                          ;
;         2 data inputs ; 11                          ;
;     normal            ; 29                          ;
;         0 data inputs ; 2                           ;
;         1 data inputs ; 9                           ;
;         2 data inputs ; 5                           ;
;         3 data inputs ; 3                           ;
;         4 data inputs ; 10                          ;
;                       ;                             ;
; Max LUT depth         ; 5.00                        ;
; Average LUT depth     ; 1.65                        ;
+-----------------------+-----------------------------+


+-------------------------------+
; Elapsed Time Per Partition    ;
+----------------+--------------+
; Partition Name ; Elapsed Time ;
+----------------+--------------+
; Top            ; 00:00:00     ;
+----------------+--------------+


+-------------------------------+
; Analysis & Synthesis Messages ;
+-------------------------------+
Info: *******************************************************************
Info: Running Quartus Prime Analysis & Synthesis
    Info: Version 24.1std.0 Build 1077 03/04/2025 SC Lite Edition
    Info: Processing started: Wed Jun 11 21:38:14 2025
Info: Command: quartus_map --read_settings_files=on --write_settings_files=off communication -c communication
Warning (18236): Number of processors has not been specified which may cause overloading on shared machines.  Set the global assignment NUM_PARALLEL_PROCESSORS in your QSF to an appropriate value for best performance.
Info (20030): Parallel compilation is enabled and will use 16 of the 16 processors detected
Info (12021): Found 1 design units, including 1 entities, in source file /home/fontana/dev/ufba/lab-1/sudoku/modules/comunication/design.v
    Info (12023): Found entity 1: uart_tx8 File: /home/fontana/dev/ufba/lab-1/sudoku/modules/comunication/design.v Line: 1
Info (12021): Found 1 design units, including 1 entities, in source file /home/fontana/dev/ufba/lab-1/sudoku/modules/comunication/uart_tx.v
    Info (12023): Found entity 1: uart_tx File: /home/fontana/dev/ufba/lab-1/sudoku/modules/comunication/uart_tx.v Line: 1
Info (12021): Found 1 design units, including 1 entities, in source file /home/fontana/dev/ufba/lab-1/sudoku/modules/controller/reader/design.v
    Info (12023): Found entity 1: controller_reader File: /home/fontana/dev/ufba/lab-1/sudoku/modules/controller/reader/design.v Line: 1
Warning (10275): Verilog HDL Module Instantiation warning at design.v(18): ignored dangling comma in List of Port Connections File: /home/fontana/dev/ufba/lab-1/sudoku/modules/controller/design.v Line: 18
Info (12021): Found 1 design units, including 1 entities, in source file /home/fontana/dev/ufba/lab-1/sudoku/modules/controller/design.v
    Info (12023): Found entity 1: controller_top File: /home/fontana/dev/ufba/lab-1/sudoku/modules/controller/design.v Line: 1
Info (12021): Found 1 design units, including 1 entities, in source file /home/fontana/dev/ufba/lab-1/sudoku/design.v
    Info (12023): Found entity 1: top File: /home/fontana/dev/ufba/lab-1/sudoku/design.v Line: 1
Info (12127): Elaborating entity "top" for the top level hierarchy
Warning (10036): Verilog HDL or VHDL warning at design.v(29): object "uart_busy" assigned a value but never read File: /home/fontana/dev/ufba/lab-1/sudoku/design.v Line: 29
Info (12128): Elaborating entity "controller_top" for hierarchy "controller_top:controller" File: /home/fontana/dev/ufba/lab-1/sudoku/design.v Line: 23
Info (12128): Elaborating entity "controller_reader" for hierarchy "controller_top:controller|controller_reader:controller" File: /home/fontana/dev/ufba/lab-1/sudoku/modules/controller/design.v Line: 18
Warning (10230): Verilog HDL assignment warning at design.v(47): truncated value with size 32 to match size of target (12) File: /home/fontana/dev/ufba/lab-1/sudoku/modules/controller/reader/design.v Line: 47
Warning (10230): Verilog HDL assignment warning at design.v(53): truncated value with size 32 to match size of target (12) File: /home/fontana/dev/ufba/lab-1/sudoku/modules/controller/reader/design.v Line: 53
Warning (10230): Verilog HDL assignment warning at design.v(61): truncated value with size 32 to match size of target (12) File: /home/fontana/dev/ufba/lab-1/sudoku/modules/controller/reader/design.v Line: 61
Warning (10230): Verilog HDL assignment warning at design.v(73): truncated value with size 32 to match size of target (12) File: /home/fontana/dev/ufba/lab-1/sudoku/modules/controller/reader/design.v Line: 73
Warning (10230): Verilog HDL assignment warning at design.v(79): truncated value with size 32 to match size of target (12) File: /home/fontana/dev/ufba/lab-1/sudoku/modules/controller/reader/design.v Line: 79
Warning (10230): Verilog HDL assignment warning at design.v(88): truncated value with size 32 to match size of target (12) File: /home/fontana/dev/ufba/lab-1/sudoku/modules/controller/reader/design.v Line: 88
Warning (10230): Verilog HDL assignment warning at design.v(94): truncated value with size 32 to match size of target (12) File: /home/fontana/dev/ufba/lab-1/sudoku/modules/controller/reader/design.v Line: 94
Warning (10230): Verilog HDL assignment warning at design.v(105): truncated value with size 32 to match size of target (12) File: /home/fontana/dev/ufba/lab-1/sudoku/modules/controller/reader/design.v Line: 105
Info (12128): Elaborating entity "uart_tx8" for hierarchy "uart_tx8:uart" File: /home/fontana/dev/ufba/lab-1/sudoku/design.v Line: 38
Info (12128): Elaborating entity "uart_tx" for hierarchy "uart_tx8:uart|uart_tx:uart" File: /home/fontana/dev/ufba/lab-1/sudoku/modules/comunication/design.v Line: 20
Warning (10230): Verilog HDL assignment warning at uart_tx.v(45): truncated value with size 32 to match size of target (16) File: /home/fontana/dev/ufba/lab-1/sudoku/modules/comunication/uart_tx.v Line: 45
Warning (10240): Verilog HDL Always Construct warning at uart_tx.v(17): inferring latch(es) for variable "tx", which holds its previous value in one or more paths through the always construct File: /home/fontana/dev/ufba/lab-1/sudoku/modules/comunication/uart_tx.v Line: 17
Info (10041): Inferred latch for "tx" at uart_tx.v(17) File: /home/fontana/dev/ufba/lab-1/sudoku/modules/comunication/uart_tx.v Line: 17
Warning (13034): The following nodes have both tri-state and non-tri-state drivers
    Warning (13035): Inserted always-enabled tri-state buffer between "GPIO[29]" and its non-tri-state driver. File: /home/fontana/dev/ufba/lab-1/sudoku/design.v Line: 16
Warning (13039): The following bidirectional pins have no drivers
    Warning (13040): bidirectional pin "GPIO[0]" has no driver File: /home/fontana/dev/ufba/lab-1/sudoku/design.v Line: 16
    Warning (13040): bidirectional pin "GPIO[1]" has no driver File: /home/fontana/dev/ufba/lab-1/sudoku/design.v Line: 16
    Warning (13040): bidirectional pin "GPIO[2]" has no driver File: /home/fontana/dev/ufba/lab-1/sudoku/design.v Line: 16
    Warning (13040): bidirectional pin "GPIO[3]" has no driver File: /home/fontana/dev/ufba/lab-1/sudoku/design.v Line: 16
    Warning (13040): bidirectional pin "GPIO[4]" has no driver File: /home/fontana/dev/ufba/lab-1/sudoku/design.v Line: 16
    Warning (13040): bidirectional pin "GPIO[5]" has no driver File: /home/fontana/dev/ufba/lab-1/sudoku/design.v Line: 16
    Warning (13040): bidirectional pin "GPIO[6]" has no driver File: /home/fontana/dev/ufba/lab-1/sudoku/design.v Line: 16
    Warning (13040): bidirectional pin "GPIO[7]" has no driver File: /home/fontana/dev/ufba/lab-1/sudoku/design.v Line: 16
    Warning (13040): bidirectional pin "GPIO[8]" has no driver File: /home/fontana/dev/ufba/lab-1/sudoku/design.v Line: 16
    Warning (13040): bidirectional pin "GPIO[9]" has no driver File: /home/fontana/dev/ufba/lab-1/sudoku/design.v Line: 16
    Warning (13040): bidirectional pin "GPIO[10]" has no driver File: /home/fontana/dev/ufba/lab-1/sudoku/design.v Line: 16
    Warning (13040): bidirectional pin "GPIO[11]" has no driver File: /home/fontana/dev/ufba/lab-1/sudoku/design.v Line: 16
    Warning (13040): bidirectional pin "GPIO[12]" has no driver File: /home/fontana/dev/ufba/lab-1/sudoku/design.v Line: 16
    Warning (13040): bidirectional pin "GPIO[13]" has no driver File: /home/fontana/dev/ufba/lab-1/sudoku/design.v Line: 16
    Warning (13040): bidirectional pin "GPIO[14]" has no driver File: /home/fontana/dev/ufba/lab-1/sudoku/design.v Line: 16
    Warning (13040): bidirectional pin "GPIO[15]" has no driver File: /home/fontana/dev/ufba/lab-1/sudoku/design.v Line: 16
    Warning (13040): bidirectional pin "GPIO[16]" has no driver File: /home/fontana/dev/ufba/lab-1/sudoku/design.v Line: 16
    Warning (13040): bidirectional pin "GPIO[17]" has no driver File: /home/fontana/dev/ufba/lab-1/sudoku/design.v Line: 16
    Warning (13040): bidirectional pin "GPIO[18]" has no driver File: /home/fontana/dev/ufba/lab-1/sudoku/design.v Line: 16
    Warning (13040): bidirectional pin "GPIO[19]" has no driver File: /home/fontana/dev/ufba/lab-1/sudoku/design.v Line: 16
    Warning (13040): bidirectional pin "GPIO[20]" has no driver File: /home/fontana/dev/ufba/lab-1/sudoku/design.v Line: 16
    Warning (13040): bidirectional pin "GPIO[21]" has no driver File: /home/fontana/dev/ufba/lab-1/sudoku/design.v Line: 16
    Warning (13040): bidirectional pin "GPIO[22]" has no driver File: /home/fontana/dev/ufba/lab-1/sudoku/design.v Line: 16
    Warning (13040): bidirectional pin "GPIO[23]" has no driver File: /home/fontana/dev/ufba/lab-1/sudoku/design.v Line: 16
    Warning (13040): bidirectional pin "GPIO[24]" has no driver File: /home/fontana/dev/ufba/lab-1/sudoku/design.v Line: 16
    Warning (13040): bidirectional pin "GPIO[25]" has no driver File: /home/fontana/dev/ufba/lab-1/sudoku/design.v Line: 16
    Warning (13040): bidirectional pin "GPIO[26]" has no driver File: /home/fontana/dev/ufba/lab-1/sudoku/design.v Line: 16
    Warning (13040): bidirectional pin "GPIO[27]" has no driver File: /home/fontana/dev/ufba/lab-1/sudoku/design.v Line: 16
    Warning (13040): bidirectional pin "GPIO[28]" has no driver File: /home/fontana/dev/ufba/lab-1/sudoku/design.v Line: 16
    Warning (13040): bidirectional pin "GPIO[30]" has no driver File: /home/fontana/dev/ufba/lab-1/sudoku/design.v Line: 16
    Warning (13040): bidirectional pin "GPIO[31]" has no driver File: /home/fontana/dev/ufba/lab-1/sudoku/design.v Line: 16
    Warning (13040): bidirectional pin "GPIO[32]" has no driver File: /home/fontana/dev/ufba/lab-1/sudoku/design.v Line: 16
    Warning (13040): bidirectional pin "GPIO[33]" has no driver File: /home/fontana/dev/ufba/lab-1/sudoku/design.v Line: 16
    Warning (13040): bidirectional pin "GPIO[34]" has no driver File: /home/fontana/dev/ufba/lab-1/sudoku/design.v Line: 16
    Warning (13040): bidirectional pin "GPIO[35]" has no driver File: /home/fontana/dev/ufba/lab-1/sudoku/design.v Line: 16
Info (13000): Registers with preset signals will power-up high File: /home/fontana/dev/ufba/lab-1/sudoku/modules/controller/reader/design.v Line: 10
Info (13003): DEV_CLRn pin will set, and not reset, register with preset signal due to NOT Gate Push-Back
Warning (13009): TRI or OPNDRN buffers permanently enabled
    Warning (13010): Node "GPIO[29]~synth" File: /home/fontana/dev/ufba/lab-1/sudoku/design.v Line: 16
Warning (13024): Output pins are stuck at VCC or GND
    Warning (13410): Pin "LEDR[0]" is stuck at GND File: /home/fontana/dev/ufba/lab-1/sudoku/design.v Line: 15
    Warning (13410): Pin "LEDR[2]" is stuck at GND File: /home/fontana/dev/ufba/lab-1/sudoku/design.v Line: 15
    Warning (13410): Pin "LEDR[3]" is stuck at GND File: /home/fontana/dev/ufba/lab-1/sudoku/design.v Line: 15
    Warning (13410): Pin "LEDR[4]" is stuck at GND File: /home/fontana/dev/ufba/lab-1/sudoku/design.v Line: 15
    Warning (13410): Pin "tx" is stuck at VCC File: /home/fontana/dev/ufba/lab-1/sudoku/design.v Line: 26
    Warning (13410): Pin "busy" is stuck at GND File: /home/fontana/dev/ufba/lab-1/sudoku/design.v Line: 26
Info (286030): Timing-Driven Synthesis is running
Info (17049): 5 registers lost all their fanouts during netlist optimizations.
Info (144001): Generated suppressed messages file /home/fontana/dev/ufba/lab-1/sudoku/quartus/output_files/communication.map.smsg
Info (16010): Generating hard_block partition "hard_block:auto_generated_inst"
    Info (16011): Adding 0 node(s), including 0 DDIO, 0 PLL, 0 transceiver and 0 LCELL
Info (21057): Implemented 96 device resources after synthesis - the final resource count might be different
    Info (21058): Implemented 2 input pins
    Info (21059): Implemented 14 output pins
    Info (21060): Implemented 36 bidirectional pins
    Info (21061): Implemented 44 logic cells
Info: Quartus Prime Analysis & Synthesis was successful. 0 errors, 60 warnings
    Info: Peak virtual memory: 495 megabytes
    Info: Processing ended: Wed Jun 11 21:38:18 2025
    Info: Elapsed time: 00:00:04
    Info: Total CPU time (on all processors): 00:00:14


+------------------------------------------+
; Analysis & Synthesis Suppressed Messages ;
+------------------------------------------+
The suppressed messages can be found in /home/fontana/dev/ufba/lab-1/sudoku/quartus/output_files/communication.map.smsg.


