Analysis & Synthesis report for top
Fri Jul 11 19:28:02 2025
Quartus Prime Version 24.1std.0 Build 1077 03/04/2025 SC Lite Edition


---------------------
; Table of Contents ;
---------------------
  1. Legal Notice
  2. Analysis & Synthesis Summary
  3. Analysis & Synthesis Settings
  4. Parallel Compilation
  5. Analysis & Synthesis Source Files Read
  6. Analysis & Synthesis Resource Usage Summary
  7. Analysis & Synthesis Resource Utilization by Entity
  8. Registers Removed During Synthesis
  9. Removed Registers Triggering Further Register Optimizations
 10. General Register Statistics
 11. Inverted Register Statistics
 12. Multiplexer Restructuring Statistics (Restructuring Performed)
 13. Parameter Settings for User Entity Instance: display:d
 14. Parameter Settings for User Entity Instance: game_state_machine:game_state_machine
 15. Parameter Settings for User Entity Instance: game_state_machine:game_state_machine|board_updater:board_updater
 16. Parameter Settings for User Entity Instance: game_state_machine:game_state_machine|position_updater:position_updater
 17. Parameter Settings for User Entity Instance: game_state_machine:game_state_machine|difficulty_selector:difficulty_selector
 18. Parameter Settings for User Entity Instance: game_state_machine:game_state_machine|result:result
 19. Parameter Settings for Inferred Entity Instance: stopwatch:stopwatch|lpm_divide:Mod0
 20. Port Connectivity Checks: "game_state_machine:game_state_machine|board_updater:board_updater"
 21. Port Connectivity Checks: "game_state_machine:game_state_machine|score:game_score"
 22. Post-Synthesis Netlist Statistics for Top Partition
 23. Elapsed Time Per Partition
 24. Analysis & Synthesis Messages



----------------
; Legal Notice ;
----------------
Copyright (C) 2025  Altera Corporation. All rights reserved.
Your use of Altera Corporation's design tools, logic functions 
and other software and tools, and any partner logic 
functions, and any output files from any of the foregoing 
(including device programming or simulation files), and any 
associated documentation or information are expressly subject 
to the terms and conditions of the Altera Program License 
Subscription Agreement, the Altera Quartus Prime License Agreement,
the Altera IP License Agreement, or other applicable license
agreement, including, without limitation, that your use is for
the sole purpose of programming logic devices manufactured by
Altera and sold by Altera or its authorized distributors.  Please
refer to the Altera Software License Subscription Agreements 
on the Quartus Prime software download page.



+--------------------------------------------------------------------------------------+
; Analysis & Synthesis Summary                                                         ;
+------------------------------------+-------------------------------------------------+
; Analysis & Synthesis Status        ; Successful - Fri Jul 11 19:28:02 2025           ;
; Quartus Prime Version              ; 24.1std.0 Build 1077 03/04/2025 SC Lite Edition ;
; Revision Name                      ; top                                             ;
; Top-level Entity Name              ; top                                             ;
; Family                             ; Cyclone IV E                                    ;
; Total logic elements               ; 243                                             ;
;     Total combinational functions  ; 243                                             ;
;     Dedicated logic registers      ; 87                                              ;
; Total registers                    ; 87                                              ;
; Total pins                         ; 82                                              ;
; Total virtual pins                 ; 0                                               ;
; Total memory bits                  ; 0                                               ;
; Embedded Multiplier 9-bit elements ; 0                                               ;
; Total PLLs                         ; 0                                               ;
+------------------------------------+-------------------------------------------------+


+------------------------------------------------------------------------------------------------------------+
; Analysis & Synthesis Settings                                                                              ;
+------------------------------------------------------------------+--------------------+--------------------+
; Option                                                           ; Setting            ; Default Value      ;
+------------------------------------------------------------------+--------------------+--------------------+
; Device                                                           ; EP4CE115F29C8      ;                    ;
; Top-level entity name                                            ; top                ; top                ;
; Family name                                                      ; Cyclone IV E       ; Cyclone V          ;
; Use smart compilation                                            ; Off                ; Off                ;
; Enable parallel Assembler and Timing Analyzer during compilation ; On                 ; On                 ;
; Enable compact report table                                      ; Off                ; Off                ;
; Restructure Multiplexers                                         ; Auto               ; Auto               ;
; Create Debugging Nodes for IP Cores                              ; Off                ; Off                ;
; Preserve fewer node names                                        ; On                 ; On                 ;
; Intel FPGA IP Evaluation Mode                                    ; Enable             ; Enable             ;
; Verilog Version                                                  ; Verilog_2001       ; Verilog_2001       ;
; VHDL Version                                                     ; VHDL_1993          ; VHDL_1993          ;
; State Machine Processing                                         ; Auto               ; Auto               ;
; Safe State Machine                                               ; Off                ; Off                ;
; Extract Verilog State Machines                                   ; On                 ; On                 ;
; Extract VHDL State Machines                                      ; On                 ; On                 ;
; Ignore Verilog initial constructs                                ; Off                ; Off                ;
; Iteration limit for constant Verilog loops                       ; 5000               ; 5000               ;
; Iteration limit for non-constant Verilog loops                   ; 250                ; 250                ;
; Add Pass-Through Logic to Inferred RAMs                          ; On                 ; On                 ;
; Infer RAMs from Raw Logic                                        ; On                 ; On                 ;
; Parallel Synthesis                                               ; On                 ; On                 ;
; DSP Block Balancing                                              ; Auto               ; Auto               ;
; NOT Gate Push-Back                                               ; On                 ; On                 ;
; Power-Up Don't Care                                              ; On                 ; On                 ;
; Remove Redundant Logic Cells                                     ; Off                ; Off                ;
; Remove Duplicate Registers                                       ; On                 ; On                 ;
; Ignore CARRY Buffers                                             ; Off                ; Off                ;
; Ignore CASCADE Buffers                                           ; Off                ; Off                ;
; Ignore GLOBAL Buffers                                            ; Off                ; Off                ;
; Ignore ROW GLOBAL Buffers                                        ; Off                ; Off                ;
; Ignore LCELL Buffers                                             ; Off                ; Off                ;
; Ignore SOFT Buffers                                              ; On                 ; On                 ;
; Limit AHDL Integers to 32 Bits                                   ; Off                ; Off                ;
; Optimization Technique                                           ; Balanced           ; Balanced           ;
; Carry Chain Length                                               ; 70                 ; 70                 ;
; Auto Carry Chains                                                ; On                 ; On                 ;
; Auto Open-Drain Pins                                             ; On                 ; On                 ;
; Perform WYSIWYG Primitive Resynthesis                            ; Off                ; Off                ;
; Auto ROM Replacement                                             ; On                 ; On                 ;
; Auto RAM Replacement                                             ; On                 ; On                 ;
; Auto DSP Block Replacement                                       ; On                 ; On                 ;
; Auto Shift Register Replacement                                  ; Auto               ; Auto               ;
; Allow Shift Register Merging across Hierarchies                  ; Auto               ; Auto               ;
; Auto Clock Enable Replacement                                    ; On                 ; On                 ;
; Strict RAM Replacement                                           ; Off                ; Off                ;
; Allow Synchronous Control Signals                                ; On                 ; On                 ;
; Force Use of Synchronous Clear Signals                           ; Off                ; Off                ;
; Auto RAM Block Balancing                                         ; On                 ; On                 ;
; Auto RAM to Logic Cell Conversion                                ; Off                ; Off                ;
; Auto Resource Sharing                                            ; Off                ; Off                ;
; Allow Any RAM Size For Recognition                               ; Off                ; Off                ;
; Allow Any ROM Size For Recognition                               ; Off                ; Off                ;
; Allow Any Shift Register Size For Recognition                    ; Off                ; Off                ;
; Use LogicLock Constraints during Resource Balancing              ; On                 ; On                 ;
; Ignore translate_off and synthesis_off directives                ; Off                ; Off                ;
; Timing-Driven Synthesis                                          ; On                 ; On                 ;
; Report Parameter Settings                                        ; On                 ; On                 ;
; Report Source Assignments                                        ; On                 ; On                 ;
; Report Connectivity Checks                                       ; On                 ; On                 ;
; Ignore Maximum Fan-Out Assignments                               ; Off                ; Off                ;
; Synchronization Register Chain Length                            ; 2                  ; 2                  ;
; Power Optimization During Synthesis                              ; Normal compilation ; Normal compilation ;
; HDL message level                                                ; Level2             ; Level2             ;
; Suppress Register Optimization Related Messages                  ; Off                ; Off                ;
; Number of Removed Registers Reported in Synthesis Report         ; 5000               ; 5000               ;
; Number of Swept Nodes Reported in Synthesis Report               ; 5000               ; 5000               ;
; Number of Inverted Registers Reported in Synthesis Report        ; 100                ; 100                ;
; Clock MUX Protection                                             ; On                 ; On                 ;
; Auto Gated Clock Conversion                                      ; Off                ; Off                ;
; Block Design Naming                                              ; Auto               ; Auto               ;
; SDC constraint protection                                        ; Off                ; Off                ;
; Synthesis Effort                                                 ; Auto               ; Auto               ;
; Shift Register Replacement - Allow Asynchronous Clear Signal     ; On                 ; On                 ;
; Pre-Mapping Resynthesis Optimization                             ; Off                ; Off                ;
; Analysis & Synthesis Message Level                               ; Medium             ; Medium             ;
; Disable Register Merging Across Hierarchies                      ; Auto               ; Auto               ;
; Resource Aware Inference For Block RAM                           ; On                 ; On                 ;
+------------------------------------------------------------------+--------------------+--------------------+


+------------------------------------------+
; Parallel Compilation                     ;
+----------------------------+-------------+
; Processors                 ; Number      ;
+----------------------------+-------------+
; Number detected on machine ; 16          ;
; Maximum allowed            ; 10          ;
;                            ;             ;
; Average used               ; 1.00        ;
; Maximum used               ; 10          ;
;                            ;             ;
; Usage by Processor         ; % Time Used ;
;     Processor 1            ; 100.0%      ;
;     Processor 2            ;   0.0%      ;
;     Processors 3-10        ;   0.0%      ;
+----------------------------+-------------+


+------------------------------------------------------------------------------------------------------------------------------------------------------------------------------------------+
; Analysis & Synthesis Source Files Read                                                                                                                                                   ;
+----------------------------------------+-----------------+------------------------------+--------------------------------------------------------------------------------------+---------+
; File Name with User-Entered Path       ; Used in Netlist ; File Type                    ; File Name with Absolute Path                                                         ; Library ;
+----------------------------------------+-----------------+------------------------------+--------------------------------------------------------------------------------------+---------+
; ../modelsim/frequency.v                ; yes             ; User Verilog HDL File        ; /home/andreojr/dev/edu/engg52/sudoku/modelsim/frequency.v                            ;         ;
; ../modelsim/top.v                      ; yes             ; User Verilog HDL File        ; /home/andreojr/dev/edu/engg52/sudoku/modelsim/top.v                                  ;         ;
; ../modelsim/stopwatch_frequency.v      ; yes             ; User Verilog HDL File        ; /home/andreojr/dev/edu/engg52/sudoku/modelsim/stopwatch_frequency.v                  ;         ;
; ../modelsim/stopwatch.v                ; yes             ; User Verilog HDL File        ; /home/andreojr/dev/edu/engg52/sudoku/modelsim/stopwatch.v                            ;         ;
; ../modelsim/random.v                   ; yes             ; User Verilog HDL File        ; /home/andreojr/dev/edu/engg52/sudoku/modelsim/random.v                               ;         ;
; ../modelsim/io_display.v               ; yes             ; User Verilog HDL File        ; /home/andreojr/dev/edu/engg52/sudoku/modelsim/io_display.v                           ;         ;
; ../modelsim/io_button_handler.v        ; yes             ; User Verilog HDL File        ; /home/andreojr/dev/edu/engg52/sudoku/modelsim/io_button_handler.v                    ;         ;
; ../modelsim/game_state_machine.v       ; yes             ; User Verilog HDL File        ; /home/andreojr/dev/edu/engg52/sudoku/modelsim/game_state_machine.v                   ;         ;
; ../modelsim/game_score.v               ; yes             ; User Verilog HDL File        ; /home/andreojr/dev/edu/engg52/sudoku/modelsim/game_score.v                           ;         ;
; ../modelsim/game_result.v              ; yes             ; User Verilog HDL File        ; /home/andreojr/dev/edu/engg52/sudoku/modelsim/game_result.v                          ;         ;
; ../modelsim/game_position_updater.v    ; yes             ; User Verilog HDL File        ; /home/andreojr/dev/edu/engg52/sudoku/modelsim/game_position_updater.v                ;         ;
; ../modelsim/game_difficulty_selector.v ; yes             ; User Verilog HDL File        ; /home/andreojr/dev/edu/engg52/sudoku/modelsim/game_difficulty_selector.v             ;         ;
; ../modelsim/game_board_updater.v       ; yes             ; User Verilog HDL File        ; /home/andreojr/dev/edu/engg52/sudoku/modelsim/game_board_updater.v                   ;         ;
; ../modelsim/board_map_selector.v       ; yes             ; User Verilog HDL File        ; /home/andreojr/dev/edu/engg52/sudoku/modelsim/board_map_selector.v                   ;         ;
; ../modelsim/board_define_maps.v        ; yes             ; User Verilog HDL File        ; /home/andreojr/dev/edu/engg52/sudoku/modelsim/board_define_maps.v                    ;         ;
; lpm_divide.tdf                         ; yes             ; Megafunction                 ; /home/andreojr/intelFPGA/24.1std/quartus/libraries/megafunctions/lpm_divide.tdf      ;         ;
; abs_divider.inc                        ; yes             ; Megafunction                 ; /home/andreojr/intelFPGA/24.1std/quartus/libraries/megafunctions/abs_divider.inc     ;         ;
; sign_div_unsign.inc                    ; yes             ; Megafunction                 ; /home/andreojr/intelFPGA/24.1std/quartus/libraries/megafunctions/sign_div_unsign.inc ;         ;
; aglobal241.inc                         ; yes             ; Megafunction                 ; /home/andreojr/intelFPGA/24.1std/quartus/libraries/megafunctions/aglobal241.inc      ;         ;
; db/lpm_divide_k9m.tdf                  ; yes             ; Auto-Generated Megafunction  ; /home/andreojr/dev/edu/engg52/sudoku/quartus/db/lpm_divide_k9m.tdf                   ;         ;
; db/sign_div_unsign_9kh.tdf             ; yes             ; Auto-Generated Megafunction  ; /home/andreojr/dev/edu/engg52/sudoku/quartus/db/sign_div_unsign_9kh.tdf              ;         ;
; db/alt_u_div_64f.tdf                   ; yes             ; Auto-Generated Megafunction  ; /home/andreojr/dev/edu/engg52/sudoku/quartus/db/alt_u_div_64f.tdf                    ;         ;
; db/add_sub_7pc.tdf                     ; yes             ; Auto-Generated Megafunction  ; /home/andreojr/dev/edu/engg52/sudoku/quartus/db/add_sub_7pc.tdf                      ;         ;
; db/add_sub_8pc.tdf                     ; yes             ; Auto-Generated Megafunction  ; /home/andreojr/dev/edu/engg52/sudoku/quartus/db/add_sub_8pc.tdf                      ;         ;
+----------------------------------------+-----------------+------------------------------+--------------------------------------------------------------------------------------+---------+


+-----------------------------------------------------------+
; Analysis & Synthesis Resource Usage Summary               ;
+---------------------------------------------+-------------+
; Resource                                    ; Usage       ;
+---------------------------------------------+-------------+
; Estimated Total logic elements              ; 243         ;
;                                             ;             ;
; Total combinational functions               ; 243         ;
; Logic element usage by number of LUT inputs ;             ;
;     -- 4 input functions                    ; 86          ;
;     -- 3 input functions                    ; 57          ;
;     -- <=2 input functions                  ; 100         ;
;                                             ;             ;
; Logic elements by mode                      ;             ;
;     -- normal mode                          ; 161         ;
;     -- arithmetic mode                      ; 82          ;
;                                             ;             ;
; Total registers                             ; 87          ;
;     -- Dedicated logic registers            ; 87          ;
;     -- I/O registers                        ; 0           ;
;                                             ;             ;
; I/O pins                                    ; 82          ;
;                                             ;             ;
; Embedded Multiplier 9-bit elements          ; 0           ;
;                                             ;             ;
; Maximum fan-out node                        ; reset~input ;
; Maximum fan-out                             ; 87          ;
; Total fan-out                               ; 1130        ;
; Average fan-out                             ; 2.29        ;
+---------------------------------------------+-------------+


+--------------------------------------------------------------------------------------------------------------------------------------------------------------------------------------------------------------------------------------------------------------------------------------------------------------------------------------------+
; Analysis & Synthesis Resource Utilization by Entity                                                                                                                                                                                                                                                                                        ;
+-------------------------------------------------+---------------------+---------------------------+-------------+--------------+---------+-----------+------+--------------+--------------------------------------------------------------------------------------------------------------------------+---------------------+--------------+
; Compilation Hierarchy Node                      ; Combinational ALUTs ; Dedicated Logic Registers ; Memory Bits ; DSP Elements ; DSP 9x9 ; DSP 18x18 ; Pins ; Virtual Pins ; Full Hierarchy Name                                                                                                      ; Entity Name         ; Library Name ;
+-------------------------------------------------+---------------------+---------------------------+-------------+--------------+---------+-----------+------+--------------+--------------------------------------------------------------------------------------------------------------------------+---------------------+--------------+
; |top                                            ; 243 (0)             ; 87 (0)                    ; 0           ; 0            ; 0       ; 0         ; 82   ; 0            ; |top                                                                                                                     ; top                 ; work         ;
;    |display:d|                                  ; 60 (60)             ; 0 (0)                     ; 0           ; 0            ; 0       ; 0         ; 0    ; 0            ; |top|display:d                                                                                                           ; display             ; work         ;
;    |game_frequency:game_frequency|              ; 48 (48)             ; 27 (27)                   ; 0           ; 0            ; 0       ; 0         ; 0    ; 0            ; |top|game_frequency:game_frequency                                                                                       ; game_frequency      ; work         ;
;    |game_state_machine:game_state_machine|      ; 31 (11)             ; 12 (3)                    ; 0           ; 0            ; 0       ; 0         ; 0    ; 0            ; |top|game_state_machine:game_state_machine                                                                               ; game_state_machine  ; work         ;
;       |difficulty_selector:difficulty_selector| ; 1 (1)               ; 1 (1)                     ; 0           ; 0            ; 0       ; 0         ; 0    ; 0            ; |top|game_state_machine:game_state_machine|difficulty_selector:difficulty_selector                                       ; difficulty_selector ; work         ;
;       |position_updater:position_updater|       ; 16 (16)             ; 8 (8)                     ; 0           ; 0            ; 0       ; 0         ; 0    ; 0            ; |top|game_state_machine:game_state_machine|position_updater:position_updater                                             ; position_updater    ; work         ;
;       |result:result|                           ; 3 (3)               ; 0 (0)                     ; 0           ; 0            ; 0       ; 0         ; 0    ; 0            ; |top|game_state_machine:game_state_machine|result:result                                                                 ; result              ; work         ;
;    |stopwatch:stopwatch|                        ; 57 (24)             ; 21 (21)                   ; 0           ; 0            ; 0       ; 0         ; 0    ; 0            ; |top|stopwatch:stopwatch                                                                                                 ; stopwatch           ; work         ;
;       |lpm_divide:Mod0|                         ; 33 (0)              ; 0 (0)                     ; 0           ; 0            ; 0       ; 0         ; 0    ; 0            ; |top|stopwatch:stopwatch|lpm_divide:Mod0                                                                                 ; lpm_divide          ; work         ;
;          |lpm_divide_k9m:auto_generated|        ; 33 (0)              ; 0 (0)                     ; 0           ; 0            ; 0       ; 0         ; 0    ; 0            ; |top|stopwatch:stopwatch|lpm_divide:Mod0|lpm_divide_k9m:auto_generated                                                   ; lpm_divide_k9m      ; work         ;
;             |sign_div_unsign_9kh:divider|       ; 33 (0)              ; 0 (0)                     ; 0           ; 0            ; 0       ; 0         ; 0    ; 0            ; |top|stopwatch:stopwatch|lpm_divide:Mod0|lpm_divide_k9m:auto_generated|sign_div_unsign_9kh:divider                       ; sign_div_unsign_9kh ; work         ;
;                |alt_u_div_64f:divider|          ; 33 (33)             ; 0 (0)                     ; 0           ; 0            ; 0       ; 0         ; 0    ; 0            ; |top|stopwatch:stopwatch|lpm_divide:Mod0|lpm_divide_k9m:auto_generated|sign_div_unsign_9kh:divider|alt_u_div_64f:divider ; alt_u_div_64f       ; work         ;
;    |stopwatch_frequency:stopwatch_frequency|    ; 47 (47)             ; 27 (27)                   ; 0           ; 0            ; 0       ; 0         ; 0    ; 0            ; |top|stopwatch_frequency:stopwatch_frequency                                                                             ; stopwatch_frequency ; work         ;
+-------------------------------------------------+---------------------+---------------------------+-------------+--------------+---------+-----------+------+--------------+--------------------------------------------------------------------------------------------------------------------------+---------------------+--------------+
Note: For table entries with two numbers listed, the numbers in parentheses indicate the number of resources of the given type used by the specific entity alone. The numbers listed outside of parentheses indicate the total resources of the given type used by the specific entity and all of its sub-entities in the hierarchy.


+--------------------------------------------------------------------------------------------------------------------------------+
; Registers Removed During Synthesis                                                                                             ;
+-----------------------------------------------------------------------------------------+--------------------------------------+
; Register name                                                                           ; Reason for Removal                   ;
+-----------------------------------------------------------------------------------------+--------------------------------------+
; game_state_machine:game_state_machine|board_updater:board_updater|error                 ; Stuck at GND due to stuck port clock ;
; game_state_machine:game_state_machine|board_updater:board_updater|strikes[0,1]          ; Stuck at GND due to stuck port clock ;
; game_state_machine:game_state_machine|board_updater:board_updater|selected_number[1..3] ; Stuck at GND due to stuck port clock ;
; game_state_machine:game_state_machine|board_updater:board_updater|selected_number[0]    ; Stuck at VCC due to stuck port clock ;
; game_state_machine:game_state_machine|board_updater:board_updater|visibilities[0..80]   ; Stuck at GND due to stuck port clock ;
; game_state_machine:game_state_machine|board_updater:board_updater|board[0..130]         ; Stuck at GND due to stuck port clock ;
; map_selector:ms|random:r|random_number[0..3]                                            ; Lost fanout                          ;
; map_selector:ms|random:r|seed[0..3]                                                     ; Lost fanout                          ;
; Total Number of Removed Registers = 227                                                 ;                                      ;
+-----------------------------------------------------------------------------------------+--------------------------------------+


+------------------------------------------------------------------------------------------------------------------------------------------------------------------------------------------------------+
; Removed Registers Triggering Further Register Optimizations                                                                                                                                          ;
+--------------------------------------------------------------------------------------+-------------------------+-------------------------------------------------------------------------------------+
; Register name                                                                        ; Reason for Removal      ; Registers Removed due to This Register                                              ;
+--------------------------------------------------------------------------------------+-------------------------+-------------------------------------------------------------------------------------+
; game_state_machine:game_state_machine|board_updater:board_updater|selected_number[3] ; Stuck at GND            ; game_state_machine:game_state_machine|board_updater:board_updater|visibilities[80], ;
;                                                                                      ; due to stuck port clock ; game_state_machine:game_state_machine|board_updater:board_updater|visibilities[79], ;
;                                                                                      ;                         ; game_state_machine:game_state_machine|board_updater:board_updater|visibilities[78], ;
;                                                                                      ;                         ; game_state_machine:game_state_machine|board_updater:board_updater|visibilities[77], ;
;                                                                                      ;                         ; game_state_machine:game_state_machine|board_updater:board_updater|visibilities[76], ;
;                                                                                      ;                         ; game_state_machine:game_state_machine|board_updater:board_updater|visibilities[75], ;
;                                                                                      ;                         ; game_state_machine:game_state_machine|board_updater:board_updater|visibilities[74], ;
;                                                                                      ;                         ; game_state_machine:game_state_machine|board_updater:board_updater|visibilities[73], ;
;                                                                                      ;                         ; game_state_machine:game_state_machine|board_updater:board_updater|visibilities[72], ;
;                                                                                      ;                         ; game_state_machine:game_state_machine|board_updater:board_updater|visibilities[71], ;
;                                                                                      ;                         ; game_state_machine:game_state_machine|board_updater:board_updater|visibilities[70], ;
;                                                                                      ;                         ; game_state_machine:game_state_machine|board_updater:board_updater|visibilities[69], ;
;                                                                                      ;                         ; game_state_machine:game_state_machine|board_updater:board_updater|visibilities[68], ;
;                                                                                      ;                         ; game_state_machine:game_state_machine|board_updater:board_updater|visibilities[67], ;
;                                                                                      ;                         ; game_state_machine:game_state_machine|board_updater:board_updater|visibilities[66], ;
;                                                                                      ;                         ; game_state_machine:game_state_machine|board_updater:board_updater|visibilities[65], ;
;                                                                                      ;                         ; game_state_machine:game_state_machine|board_updater:board_updater|visibilities[64], ;
;                                                                                      ;                         ; game_state_machine:game_state_machine|board_updater:board_updater|visibilities[63], ;
;                                                                                      ;                         ; game_state_machine:game_state_machine|board_updater:board_updater|visibilities[62], ;
;                                                                                      ;                         ; game_state_machine:game_state_machine|board_updater:board_updater|visibilities[61], ;
;                                                                                      ;                         ; game_state_machine:game_state_machine|board_updater:board_updater|visibilities[60], ;
;                                                                                      ;                         ; game_state_machine:game_state_machine|board_updater:board_updater|visibilities[59], ;
;                                                                                      ;                         ; game_state_machine:game_state_machine|board_updater:board_updater|visibilities[58], ;
;                                                                                      ;                         ; game_state_machine:game_state_machine|board_updater:board_updater|visibilities[57], ;
;                                                                                      ;                         ; game_state_machine:game_state_machine|board_updater:board_updater|visibilities[56], ;
;                                                                                      ;                         ; game_state_machine:game_state_machine|board_updater:board_updater|visibilities[55], ;
;                                                                                      ;                         ; game_state_machine:game_state_machine|board_updater:board_updater|visibilities[54], ;
;                                                                                      ;                         ; game_state_machine:game_state_machine|board_updater:board_updater|visibilities[53], ;
;                                                                                      ;                         ; game_state_machine:game_state_machine|board_updater:board_updater|visibilities[52], ;
;                                                                                      ;                         ; game_state_machine:game_state_machine|board_updater:board_updater|visibilities[51], ;
;                                                                                      ;                         ; game_state_machine:game_state_machine|board_updater:board_updater|visibilities[50], ;
;                                                                                      ;                         ; game_state_machine:game_state_machine|board_updater:board_updater|visibilities[49], ;
;                                                                                      ;                         ; game_state_machine:game_state_machine|board_updater:board_updater|visibilities[48], ;
;                                                                                      ;                         ; game_state_machine:game_state_machine|board_updater:board_updater|visibilities[47], ;
;                                                                                      ;                         ; game_state_machine:game_state_machine|board_updater:board_updater|visibilities[46], ;
;                                                                                      ;                         ; game_state_machine:game_state_machine|board_updater:board_updater|visibilities[45], ;
;                                                                                      ;                         ; game_state_machine:game_state_machine|board_updater:board_updater|visibilities[44], ;
;                                                                                      ;                         ; game_state_machine:game_state_machine|board_updater:board_updater|visibilities[43], ;
;                                                                                      ;                         ; game_state_machine:game_state_machine|board_updater:board_updater|visibilities[42], ;
;                                                                                      ;                         ; game_state_machine:game_state_machine|board_updater:board_updater|visibilities[41], ;
;                                                                                      ;                         ; game_state_machine:game_state_machine|board_updater:board_updater|visibilities[40], ;
;                                                                                      ;                         ; game_state_machine:game_state_machine|board_updater:board_updater|visibilities[39], ;
;                                                                                      ;                         ; game_state_machine:game_state_machine|board_updater:board_updater|visibilities[38], ;
;                                                                                      ;                         ; game_state_machine:game_state_machine|board_updater:board_updater|visibilities[37], ;
;                                                                                      ;                         ; game_state_machine:game_state_machine|board_updater:board_updater|visibilities[36], ;
;                                                                                      ;                         ; game_state_machine:game_state_machine|board_updater:board_updater|visibilities[35], ;
;                                                                                      ;                         ; game_state_machine:game_state_machine|board_updater:board_updater|visibilities[34], ;
;                                                                                      ;                         ; game_state_machine:game_state_machine|board_updater:board_updater|visibilities[33], ;
;                                                                                      ;                         ; game_state_machine:game_state_machine|board_updater:board_updater|visibilities[32], ;
;                                                                                      ;                         ; game_state_machine:game_state_machine|board_updater:board_updater|visibilities[31], ;
;                                                                                      ;                         ; game_state_machine:game_state_machine|board_updater:board_updater|visibilities[30], ;
;                                                                                      ;                         ; game_state_machine:game_state_machine|board_updater:board_updater|visibilities[29], ;
;                                                                                      ;                         ; game_state_machine:game_state_machine|board_updater:board_updater|visibilities[28], ;
;                                                                                      ;                         ; game_state_machine:game_state_machine|board_updater:board_updater|visibilities[27], ;
;                                                                                      ;                         ; game_state_machine:game_state_machine|board_updater:board_updater|visibilities[26], ;
;                                                                                      ;                         ; game_state_machine:game_state_machine|board_updater:board_updater|visibilities[25], ;
;                                                                                      ;                         ; game_state_machine:game_state_machine|board_updater:board_updater|visibilities[24], ;
;                                                                                      ;                         ; game_state_machine:game_state_machine|board_updater:board_updater|visibilities[23], ;
;                                                                                      ;                         ; game_state_machine:game_state_machine|board_updater:board_updater|visibilities[22], ;
;                                                                                      ;                         ; game_state_machine:game_state_machine|board_updater:board_updater|visibilities[21], ;
;                                                                                      ;                         ; game_state_machine:game_state_machine|board_updater:board_updater|visibilities[20], ;
;                                                                                      ;                         ; game_state_machine:game_state_machine|board_updater:board_updater|visibilities[19], ;
;                                                                                      ;                         ; game_state_machine:game_state_machine|board_updater:board_updater|visibilities[18], ;
;                                                                                      ;                         ; game_state_machine:game_state_machine|board_updater:board_updater|visibilities[17], ;
;                                                                                      ;                         ; game_state_machine:game_state_machine|board_updater:board_updater|visibilities[16], ;
;                                                                                      ;                         ; game_state_machine:game_state_machine|board_updater:board_updater|visibilities[15], ;
;                                                                                      ;                         ; game_state_machine:game_state_machine|board_updater:board_updater|visibilities[14], ;
;                                                                                      ;                         ; game_state_machine:game_state_machine|board_updater:board_updater|visibilities[13], ;
;                                                                                      ;                         ; game_state_machine:game_state_machine|board_updater:board_updater|visibilities[12], ;
;                                                                                      ;                         ; game_state_machine:game_state_machine|board_updater:board_updater|visibilities[11], ;
;                                                                                      ;                         ; game_state_machine:game_state_machine|board_updater:board_updater|visibilities[10], ;
;                                                                                      ;                         ; game_state_machine:game_state_machine|board_updater:board_updater|visibilities[9],  ;
;                                                                                      ;                         ; game_state_machine:game_state_machine|board_updater:board_updater|visibilities[8],  ;
;                                                                                      ;                         ; game_state_machine:game_state_machine|board_updater:board_updater|visibilities[7],  ;
;                                                                                      ;                         ; game_state_machine:game_state_machine|board_updater:board_updater|visibilities[6],  ;
;                                                                                      ;                         ; game_state_machine:game_state_machine|board_updater:board_updater|visibilities[5],  ;
;                                                                                      ;                         ; game_state_machine:game_state_machine|board_updater:board_updater|visibilities[4],  ;
;                                                                                      ;                         ; game_state_machine:game_state_machine|board_updater:board_updater|visibilities[3],  ;
;                                                                                      ;                         ; game_state_machine:game_state_machine|board_updater:board_updater|visibilities[2],  ;
;                                                                                      ;                         ; game_state_machine:game_state_machine|board_updater:board_updater|visibilities[1],  ;
;                                                                                      ;                         ; game_state_machine:game_state_machine|board_updater:board_updater|visibilities[0]   ;
; map_selector:ms|random:r|random_number[3]                                            ; Lost Fanouts            ; map_selector:ms|random:r|seed[3]                                                    ;
; map_selector:ms|random:r|random_number[2]                                            ; Lost Fanouts            ; map_selector:ms|random:r|seed[2]                                                    ;
; map_selector:ms|random:r|random_number[1]                                            ; Lost Fanouts            ; map_selector:ms|random:r|seed[1]                                                    ;
; map_selector:ms|random:r|random_number[0]                                            ; Lost Fanouts            ; map_selector:ms|random:r|seed[0]                                                    ;
+--------------------------------------------------------------------------------------+-------------------------+-------------------------------------------------------------------------------------+


+------------------------------------------------------+
; General Register Statistics                          ;
+----------------------------------------------+-------+
; Statistic                                    ; Value ;
+----------------------------------------------+-------+
; Total registers                              ; 87    ;
; Number of registers using Synchronous Clear  ; 17    ;
; Number of registers using Synchronous Load   ; 0     ;
; Number of registers using Asynchronous Clear ; 87    ;
; Number of registers using Asynchronous Load  ; 0     ;
; Number of registers using Clock Enable       ; 10    ;
; Number of registers using Preset             ; 0     ;
+----------------------------------------------+-------+


+--------------------------------------------------------------------------------------------+
; Inverted Register Statistics                                                               ;
+----------------------------------------------------------------------------------+---------+
; Inverted Register                                                                ; Fan out ;
+----------------------------------------------------------------------------------+---------+
; game_state_machine:game_state_machine|position_updater:position_updater|pos_j[2] ; 9       ;
; game_state_machine:game_state_machine|position_updater:position_updater|pos_i[2] ; 9       ;
; Total number of inverted registers = 2                                           ;         ;
+----------------------------------------------------------------------------------+---------+


+---------------------------------------------------------------------------------------------------------------------------------------------------+
; Multiplexer Restructuring Statistics (Restructuring Performed)                                                                                    ;
+--------------------+-----------+---------------+----------------------+------------------------+------------+-------------------------------------+
; Multiplexer Inputs ; Bus Width ; Baseline Area ; Area if Restructured ; Saving if Restructured ; Registered ; Example Multiplexer Output          ;
+--------------------+-----------+---------------+----------------------+------------------------+------------+-------------------------------------+
; 3:1                ; 4 bits    ; 8 LEs         ; 4 LEs                ; 4 LEs                  ; Yes        ; |top|stopwatch:stopwatch|minutes[3] ;
; 3:1                ; 6 bits    ; 12 LEs        ; 6 LEs                ; 6 LEs                  ; Yes        ; |top|stopwatch:stopwatch|seconds[1] ;
+--------------------+-----------+---------------+----------------------+------------------------+------------+-------------------------------------+


+-----------------------------------------------------------------------------------------------------------+
; Parameter Settings for User Entity Instance: display:d                                                    ;
+----------------+------------------------------------------------------------------------+-----------------+
; Parameter Name ; Value                                                                  ; Type            ;
+----------------+------------------------------------------------------------------------+-----------------+
; n              ; 1000000111100101001000110000001100100100100000010111100000000000010000 ; Unsigned Binary ;
+----------------+------------------------------------------------------------------------+-----------------+
Note: In order to hide this table in the UI and the text report file, please set the "Show Parameter Settings in Synthesis Report" option in "Analysis and Synthesis Settings -> More Settings" to "Off".


+------------------------------------------------------------------------------------+
; Parameter Settings for User Entity Instance: game_state_machine:game_state_machine ;
+------------------------+-------+---------------------------------------------------+
; Parameter Name         ; Value ; Type                                              ;
+------------------------+-------+---------------------------------------------------+
; INICIAR_JOGO           ; 000   ; Unsigned Binary                                   ;
; SELECIONAR_DIFICULDADE ; 001   ; Unsigned Binary                                   ;
; CARREGANDO             ; 010   ; Unsigned Binary                                   ;
; CORRENDO_MAPA          ; 011   ; Unsigned Binary                                   ;
; PERCORRER_NUMEROS      ; 100   ; Unsigned Binary                                   ;
; VITORIA                ; 101   ; Unsigned Binary                                   ;
; DERROTA                ; 110   ; Unsigned Binary                                   ;
+------------------------+-------+---------------------------------------------------+
Note: In order to hide this table in the UI and the text report file, please set the "Show Parameter Settings in Synthesis Report" option in "Analysis and Synthesis Settings -> More Settings" to "Off".


+----------------------------------------------------------------------------------------------------------------+
; Parameter Settings for User Entity Instance: game_state_machine:game_state_machine|board_updater:board_updater ;
+-------------------+-------+------------------------------------------------------------------------------------+
; Parameter Name    ; Value ; Type                                                                               ;
+-------------------+-------+------------------------------------------------------------------------------------+
; CARREGANDO        ; 010   ; Unsigned Binary                                                                    ;
; PERCORRER_NUMEROS ; 100   ; Unsigned Binary                                                                    ;
+-------------------+-------+------------------------------------------------------------------------------------+
Note: In order to hide this table in the UI and the text report file, please set the "Show Parameter Settings in Synthesis Report" option in "Analysis and Synthesis Settings -> More Settings" to "Off".


+----------------------------------------------------------------------------------------------------------------------+
; Parameter Settings for User Entity Instance: game_state_machine:game_state_machine|position_updater:position_updater ;
+----------------+-------+---------------------------------------------------------------------------------------------+
; Parameter Name ; Value ; Type                                                                                        ;
+----------------+-------+---------------------------------------------------------------------------------------------+
; CORRENDO_MAPA  ; 011   ; Unsigned Binary                                                                             ;
+----------------+-------+---------------------------------------------------------------------------------------------+
Note: In order to hide this table in the UI and the text report file, please set the "Show Parameter Settings in Synthesis Report" option in "Analysis and Synthesis Settings -> More Settings" to "Off".


+----------------------------------------------------------------------------------------------------------------------------+
; Parameter Settings for User Entity Instance: game_state_machine:game_state_machine|difficulty_selector:difficulty_selector ;
+------------------------+-------+-------------------------------------------------------------------------------------------+
; Parameter Name         ; Value ; Type                                                                                      ;
+------------------------+-------+-------------------------------------------------------------------------------------------+
; SELECIONAR_DIFICULDADE ; 001   ; Unsigned Binary                                                                           ;
+------------------------+-------+-------------------------------------------------------------------------------------------+
Note: In order to hide this table in the UI and the text report file, please set the "Show Parameter Settings in Synthesis Report" option in "Analysis and Synthesis Settings -> More Settings" to "Off".


+--------------------------------------------------------------------------------------------------+
; Parameter Settings for User Entity Instance: game_state_machine:game_state_machine|result:result ;
+----------------+-------+-------------------------------------------------------------------------+
; Parameter Name ; Value ; Type                                                                    ;
+----------------+-------+-------------------------------------------------------------------------+
; LIMIT_MINUTES  ; 5     ; Signed Integer                                                          ;
+----------------+-------+-------------------------------------------------------------------------+
Note: In order to hide this table in the UI and the text report file, please set the "Show Parameter Settings in Synthesis Report" option in "Analysis and Synthesis Settings -> More Settings" to "Off".


+--------------------------------------------------------------------------------------+
; Parameter Settings for Inferred Entity Instance: stopwatch:stopwatch|lpm_divide:Mod0 ;
+------------------------+----------------+--------------------------------------------+
; Parameter Name         ; Value          ; Type                                       ;
+------------------------+----------------+--------------------------------------------+
; LPM_WIDTHN             ; 6              ; Untyped                                    ;
; LPM_WIDTHD             ; 4              ; Untyped                                    ;
; LPM_NREPRESENTATION    ; UNSIGNED       ; Untyped                                    ;
; LPM_DREPRESENTATION    ; UNSIGNED       ; Untyped                                    ;
; LPM_PIPELINE           ; 0              ; Untyped                                    ;
; LPM_REMAINDERPOSITIVE  ; TRUE           ; Untyped                                    ;
; MAXIMIZE_SPEED         ; 5              ; Untyped                                    ;
; CBXI_PARAMETER         ; lpm_divide_k9m ; Untyped                                    ;
; CARRY_CHAIN            ; MANUAL         ; Untyped                                    ;
; OPTIMIZE_FOR_SPEED     ; 5              ; Untyped                                    ;
; AUTO_CARRY_CHAINS      ; ON             ; AUTO_CARRY                                 ;
; IGNORE_CARRY_BUFFERS   ; OFF            ; IGNORE_CARRY                               ;
; AUTO_CASCADE_CHAINS    ; ON             ; AUTO_CASCADE                               ;
; IGNORE_CASCADE_BUFFERS ; OFF            ; IGNORE_CASCADE                             ;
+------------------------+----------------+--------------------------------------------+
Note: In order to hide this table in the UI and the text report file, please set the "Show Parameter Settings in Synthesis Report" option in "Analysis and Synthesis Settings -> More Settings" to "Off".


+---------------------------------------------------------------------------------------------------------------------------+
; Port Connectivity Checks: "game_state_machine:game_state_machine|board_updater:board_updater"                             ;
+-----------------+--------+----------+-------------------------------------------------------------------------------------+
; Port            ; Type   ; Severity ; Details                                                                             ;
+-----------------+--------+----------+-------------------------------------------------------------------------------------+
; board[323..131] ; Output ; Info     ; Connected to dangling logic. Logic that only feeds a dangling port will be removed. ;
+-----------------+--------+----------+-------------------------------------------------------------------------------------+


+-----------------------------------------------------------------------------------------------------------------+
; Port Connectivity Checks: "game_state_machine:game_state_machine|score:game_score"                              ;
+-------+--------+----------+-------------------------------------------------------------------------------------+
; Port  ; Type   ; Severity ; Details                                                                             ;
+-------+--------+----------+-------------------------------------------------------------------------------------+
; score ; Output ; Info     ; Connected to dangling logic. Logic that only feeds a dangling port will be removed. ;
+-------+--------+----------+-------------------------------------------------------------------------------------+


+-----------------------------------------------------+
; Post-Synthesis Netlist Statistics for Top Partition ;
+-----------------------+-----------------------------+
; Type                  ; Count                       ;
+-----------------------+-----------------------------+
; boundary_port         ; 82                          ;
; cycloneiii_ff         ; 87                          ;
;     CLR               ; 60                          ;
;     CLR SCLR          ; 17                          ;
;     ENA CLR           ; 10                          ;
; cycloneiii_lcell_comb ; 253                         ;
;     arith             ; 82                          ;
;         2 data inputs ; 70                          ;
;         3 data inputs ; 12                          ;
;     normal            ; 171                         ;
;         0 data inputs ; 5                           ;
;         1 data inputs ; 12                          ;
;         2 data inputs ; 23                          ;
;         3 data inputs ; 45                          ;
;         4 data inputs ; 86                          ;
;                       ;                             ;
; Max LUT depth         ; 9.10                        ;
; Average LUT depth     ; 3.64                        ;
+-----------------------+-----------------------------+


+-------------------------------+
; Elapsed Time Per Partition    ;
+----------------+--------------+
; Partition Name ; Elapsed Time ;
+----------------+--------------+
; Top            ; 00:00:00     ;
+----------------+--------------+


+-------------------------------+
; Analysis & Synthesis Messages ;
+-------------------------------+
Info: *******************************************************************
Info: Running Quartus Prime Analysis & Synthesis
    Info: Version 24.1std.0 Build 1077 03/04/2025 SC Lite Edition
    Info: Processing started: Fri Jul 11 19:27:56 2025
Info: Command: quartus_map --read_settings_files=on --write_settings_files=off sudoku -c top
Warning (18236): Number of processors has not been specified which may cause overloading on shared machines.  Set the global assignment NUM_PARALLEL_PROCESSORS in your QSF to an appropriate value for best performance.
Info (20030): Parallel compilation is enabled and will use 10 of the 10 processors detected
Info (12021): Found 1 design units, including 1 entities, in source file /home/andreojr/dev/edu/engg52/sudoku/modelsim/frequency.v
    Info (12023): Found entity 1: game_frequency File: /home/andreojr/dev/edu/engg52/sudoku/modelsim/frequency.v Line: 1
Info (12021): Found 1 design units, including 1 entities, in source file /home/andreojr/dev/edu/engg52/sudoku/modelsim/top.v
    Info (12023): Found entity 1: top File: /home/andreojr/dev/edu/engg52/sudoku/modelsim/top.v Line: 1
Info (12021): Found 1 design units, including 1 entities, in source file /home/andreojr/dev/edu/engg52/sudoku/modelsim/testbench.v
    Info (12023): Found entity 1: testbench File: /home/andreojr/dev/edu/engg52/sudoku/modelsim/testbench.v Line: 1
Info (12021): Found 1 design units, including 1 entities, in source file /home/andreojr/dev/edu/engg52/sudoku/modelsim/stopwatch_frequency.v
    Info (12023): Found entity 1: stopwatch_frequency File: /home/andreojr/dev/edu/engg52/sudoku/modelsim/stopwatch_frequency.v Line: 1
Info (12021): Found 1 design units, including 1 entities, in source file /home/andreojr/dev/edu/engg52/sudoku/modelsim/stopwatch.v
    Info (12023): Found entity 1: stopwatch File: /home/andreojr/dev/edu/engg52/sudoku/modelsim/stopwatch.v Line: 1
Info (12021): Found 1 design units, including 1 entities, in source file /home/andreojr/dev/edu/engg52/sudoku/modelsim/random.v
    Info (12023): Found entity 1: random File: /home/andreojr/dev/edu/engg52/sudoku/modelsim/random.v Line: 1
Info (12021): Found 1 design units, including 1 entities, in source file /home/andreojr/dev/edu/engg52/sudoku/modelsim/io_display.v
    Info (12023): Found entity 1: display File: /home/andreojr/dev/edu/engg52/sudoku/modelsim/io_display.v Line: 1
Info (12021): Found 1 design units, including 1 entities, in source file /home/andreojr/dev/edu/engg52/sudoku/modelsim/io_button_handler.v
    Info (12023): Found entity 1: button_handler File: /home/andreojr/dev/edu/engg52/sudoku/modelsim/io_button_handler.v Line: 1
Info (12021): Found 1 design units, including 1 entities, in source file /home/andreojr/dev/edu/engg52/sudoku/modelsim/game_state_machine.v
    Info (12023): Found entity 1: game_state_machine File: /home/andreojr/dev/edu/engg52/sudoku/modelsim/game_state_machine.v Line: 1
Info (12021): Found 1 design units, including 1 entities, in source file /home/andreojr/dev/edu/engg52/sudoku/modelsim/game_score.v
    Info (12023): Found entity 1: score File: /home/andreojr/dev/edu/engg52/sudoku/modelsim/game_score.v Line: 1
Info (12021): Found 1 design units, including 1 entities, in source file /home/andreojr/dev/edu/engg52/sudoku/modelsim/game_result.v
    Info (12023): Found entity 1: result File: /home/andreojr/dev/edu/engg52/sudoku/modelsim/game_result.v Line: 1
Info (12021): Found 1 design units, including 1 entities, in source file /home/andreojr/dev/edu/engg52/sudoku/modelsim/game_position_updater.v
    Info (12023): Found entity 1: position_updater File: /home/andreojr/dev/edu/engg52/sudoku/modelsim/game_position_updater.v Line: 1
Info (12021): Found 1 design units, including 1 entities, in source file /home/andreojr/dev/edu/engg52/sudoku/modelsim/game_difficulty_selector.v
    Info (12023): Found entity 1: difficulty_selector File: /home/andreojr/dev/edu/engg52/sudoku/modelsim/game_difficulty_selector.v Line: 1
Info (12021): Found 1 design units, including 1 entities, in source file /home/andreojr/dev/edu/engg52/sudoku/modelsim/game_board_updater.v
    Info (12023): Found entity 1: board_updater File: /home/andreojr/dev/edu/engg52/sudoku/modelsim/game_board_updater.v Line: 1
Info (12021): Found 1 design units, including 1 entities, in source file /home/andreojr/dev/edu/engg52/sudoku/modelsim/board_map_selector.v
    Info (12023): Found entity 1: map_selector File: /home/andreojr/dev/edu/engg52/sudoku/modelsim/board_map_selector.v Line: 1
Info (12021): Found 1 design units, including 1 entities, in source file /home/andreojr/dev/edu/engg52/sudoku/modelsim/board_define_maps.v
    Info (12023): Found entity 1: define_maps File: /home/andreojr/dev/edu/engg52/sudoku/modelsim/board_define_maps.v Line: 1
Warning (10236): Verilog HDL Implicit Net warning at game_state_machine.v(52): created implicit net for "states" File: /home/andreojr/dev/edu/engg52/sudoku/modelsim/game_state_machine.v Line: 52
Warning (10236): Verilog HDL Implicit Net warning at game_state_machine.v(62): created implicit net for "game_clk" File: /home/andreojr/dev/edu/engg52/sudoku/modelsim/game_state_machine.v Line: 62
Info (12127): Elaborating entity "top" for the top level hierarchy
Warning (10034): Output port "states" at top.v(16) has no driver File: /home/andreojr/dev/edu/engg52/sudoku/modelsim/top.v Line: 16
Info (12128): Elaborating entity "button_handler" for hierarchy "button_handler:bh" File: /home/andreojr/dev/edu/engg52/sudoku/modelsim/top.v Line: 44
Info (12128): Elaborating entity "display" for hierarchy "display:d" File: /home/andreojr/dev/edu/engg52/sudoku/modelsim/top.v Line: 51
Info (12128): Elaborating entity "stopwatch_frequency" for hierarchy "stopwatch_frequency:stopwatch_frequency" File: /home/andreojr/dev/edu/engg52/sudoku/modelsim/top.v Line: 57
Info (12128): Elaborating entity "stopwatch" for hierarchy "stopwatch:stopwatch" File: /home/andreojr/dev/edu/engg52/sudoku/modelsim/top.v Line: 66
Warning (10230): Verilog HDL assignment warning at stopwatch.v(10): truncated value with size 32 to match size of target (4) File: /home/andreojr/dev/edu/engg52/sudoku/modelsim/stopwatch.v Line: 10
Warning (10230): Verilog HDL assignment warning at stopwatch.v(11): truncated value with size 32 to match size of target (4) File: /home/andreojr/dev/edu/engg52/sudoku/modelsim/stopwatch.v Line: 11
Warning (10230): Verilog HDL assignment warning at stopwatch.v(18): truncated value with size 5 to match size of target (4) File: /home/andreojr/dev/edu/engg52/sudoku/modelsim/stopwatch.v Line: 18
Warning (10230): Verilog HDL assignment warning at stopwatch.v(23): truncated value with size 5 to match size of target (4) File: /home/andreojr/dev/edu/engg52/sudoku/modelsim/stopwatch.v Line: 23
Warning (10230): Verilog HDL assignment warning at stopwatch.v(37): truncated value with size 5 to match size of target (4) File: /home/andreojr/dev/edu/engg52/sudoku/modelsim/stopwatch.v Line: 37
Info (12128): Elaborating entity "map_selector" for hierarchy "map_selector:ms" File: /home/andreojr/dev/edu/engg52/sudoku/modelsim/top.v Line: 75
Warning (10230): Verilog HDL assignment warning at board_map_selector.v(22): truncated value with size 32 to match size of target (4) File: /home/andreojr/dev/edu/engg52/sudoku/modelsim/board_map_selector.v Line: 22
Info (12128): Elaborating entity "define_maps" for hierarchy "map_selector:ms|define_maps:dm" File: /home/andreojr/dev/edu/engg52/sudoku/modelsim/board_map_selector.v Line: 14
Info (12128): Elaborating entity "random" for hierarchy "map_selector:ms|random:r" File: /home/andreojr/dev/edu/engg52/sudoku/modelsim/board_map_selector.v Line: 20
Info (12128): Elaborating entity "game_frequency" for hierarchy "game_frequency:game_frequency" File: /home/andreojr/dev/edu/engg52/sudoku/modelsim/top.v Line: 81
Info (12128): Elaborating entity "game_state_machine" for hierarchy "game_state_machine:game_state_machine" File: /home/andreojr/dev/edu/engg52/sudoku/modelsim/top.v Line: 105
Warning (10036): Verilog HDL or VHDL warning at game_state_machine.v(52): object "states" assigned a value but never read File: /home/andreojr/dev/edu/engg52/sudoku/modelsim/game_state_machine.v Line: 52
Warning (10230): Verilog HDL assignment warning at game_state_machine.v(39): truncated value with size 32 to match size of target (7) File: /home/andreojr/dev/edu/engg52/sudoku/modelsim/game_state_machine.v Line: 39
Warning (10230): Verilog HDL assignment warning at game_state_machine.v(52): truncated value with size 7 to match size of target (1) File: /home/andreojr/dev/edu/engg52/sudoku/modelsim/game_state_machine.v Line: 52
Warning (10270): Verilog HDL Case Statement warning at game_state_machine.v(137): incomplete case statement has no default case item File: /home/andreojr/dev/edu/engg52/sudoku/modelsim/game_state_machine.v Line: 137
Info (12128): Elaborating entity "score" for hierarchy "game_state_machine:game_state_machine|score:game_score" File: /home/andreojr/dev/edu/engg52/sudoku/modelsim/game_state_machine.v Line: 66
Warning (10230): Verilog HDL assignment warning at game_score.v(16): truncated value with size 32 to match size of target (7) File: /home/andreojr/dev/edu/engg52/sudoku/modelsim/game_score.v Line: 16
Info (12128): Elaborating entity "board_updater" for hierarchy "game_state_machine:game_state_machine|board_updater:board_updater" File: /home/andreojr/dev/edu/engg52/sudoku/modelsim/game_state_machine.v Line: 90
Warning (10230): Verilog HDL assignment warning at game_board_updater.v(86): truncated value with size 32 to match size of target (2) File: /home/andreojr/dev/edu/engg52/sudoku/modelsim/game_board_updater.v Line: 86
Warning (10270): Verilog HDL Case Statement warning at game_board_updater.v(56): incomplete case statement has no default case item File: /home/andreojr/dev/edu/engg52/sudoku/modelsim/game_board_updater.v Line: 56
Info (10264): Verilog HDL Case Statement information at game_board_updater.v(56): all case item expressions in this case statement are onehot File: /home/andreojr/dev/edu/engg52/sudoku/modelsim/game_board_updater.v Line: 56
Info (12128): Elaborating entity "position_updater" for hierarchy "game_state_machine:game_state_machine|position_updater:position_updater" File: /home/andreojr/dev/edu/engg52/sudoku/modelsim/game_state_machine.v Line: 104
Warning (10270): Verilog HDL Case Statement warning at game_position_updater.v(33): incomplete case statement has no default case item File: /home/andreojr/dev/edu/engg52/sudoku/modelsim/game_position_updater.v Line: 33
Info (12128): Elaborating entity "difficulty_selector" for hierarchy "game_state_machine:game_state_machine|difficulty_selector:difficulty_selector" File: /home/andreojr/dev/edu/engg52/sudoku/modelsim/game_state_machine.v Line: 115
Info (12128): Elaborating entity "result" for hierarchy "game_state_machine:game_state_machine|result:result" File: /home/andreojr/dev/edu/engg52/sudoku/modelsim/game_state_machine.v Line: 124
Warning (12011): Net is missing source, defaulting to GND
    Warning (12110): Net "game_state_machine:game_state_machine|game_clk" is missing source, defaulting to GND File: /home/andreojr/dev/edu/engg52/sudoku/modelsim/game_state_machine.v Line: 62
Info (278001): Inferred 1 megafunctions from design logic
    Info (278004): Inferred divider/modulo megafunction ("lpm_divide") from the following logic: "stopwatch:stopwatch|Mod0" File: /home/andreojr/dev/edu/engg52/sudoku/modelsim/stopwatch.v Line: 10
Info (12130): Elaborated megafunction instantiation "stopwatch:stopwatch|lpm_divide:Mod0" File: /home/andreojr/dev/edu/engg52/sudoku/modelsim/stopwatch.v Line: 10
Info (12133): Instantiated megafunction "stopwatch:stopwatch|lpm_divide:Mod0" with the following parameter: File: /home/andreojr/dev/edu/engg52/sudoku/modelsim/stopwatch.v Line: 10
    Info (12134): Parameter "LPM_WIDTHN" = "6"
    Info (12134): Parameter "LPM_WIDTHD" = "4"
    Info (12134): Parameter "LPM_NREPRESENTATION" = "UNSIGNED"
    Info (12134): Parameter "LPM_DREPRESENTATION" = "UNSIGNED"
Info (12021): Found 1 design units, including 1 entities, in source file db/lpm_divide_k9m.tdf
    Info (12023): Found entity 1: lpm_divide_k9m File: /home/andreojr/dev/edu/engg52/sudoku/quartus/db/lpm_divide_k9m.tdf Line: 25
Info (12021): Found 1 design units, including 1 entities, in source file db/sign_div_unsign_9kh.tdf
    Info (12023): Found entity 1: sign_div_unsign_9kh File: /home/andreojr/dev/edu/engg52/sudoku/quartus/db/sign_div_unsign_9kh.tdf Line: 25
Info (12021): Found 1 design units, including 1 entities, in source file db/alt_u_div_64f.tdf
    Info (12023): Found entity 1: alt_u_div_64f File: /home/andreojr/dev/edu/engg52/sudoku/quartus/db/alt_u_div_64f.tdf Line: 27
Info (12021): Found 1 design units, including 1 entities, in source file db/add_sub_7pc.tdf
    Info (12023): Found entity 1: add_sub_7pc File: /home/andreojr/dev/edu/engg52/sudoku/quartus/db/add_sub_7pc.tdf Line: 23
Info (12021): Found 1 design units, including 1 entities, in source file db/add_sub_8pc.tdf
    Info (12023): Found entity 1: add_sub_8pc File: /home/andreojr/dev/edu/engg52/sudoku/quartus/db/add_sub_8pc.tdf Line: 23
Warning (13024): Output pins are stuck at VCC or GND
    Warning (13410): Pin "error" is stuck at GND File: /home/andreojr/dev/edu/engg52/sudoku/modelsim/top.v Line: 14
    Warning (13410): Pin "states[0]" is stuck at GND File: /home/andreojr/dev/edu/engg52/sudoku/modelsim/top.v Line: 16
    Warning (13410): Pin "states[1]" is stuck at GND File: /home/andreojr/dev/edu/engg52/sudoku/modelsim/top.v Line: 16
    Warning (13410): Pin "states[2]" is stuck at GND File: /home/andreojr/dev/edu/engg52/sudoku/modelsim/top.v Line: 16
    Warning (13410): Pin "states[3]" is stuck at GND File: /home/andreojr/dev/edu/engg52/sudoku/modelsim/top.v Line: 16
    Warning (13410): Pin "states[4]" is stuck at GND File: /home/andreojr/dev/edu/engg52/sudoku/modelsim/top.v Line: 16
    Warning (13410): Pin "states[5]" is stuck at GND File: /home/andreojr/dev/edu/engg52/sudoku/modelsim/top.v Line: 16
    Warning (13410): Pin "states[6]" is stuck at GND File: /home/andreojr/dev/edu/engg52/sudoku/modelsim/top.v Line: 16
    Warning (13410): Pin "d3[1]" is stuck at GND File: /home/andreojr/dev/edu/engg52/sudoku/modelsim/top.v Line: 16
    Warning (13410): Pin "d3[2]" is stuck at GND File: /home/andreojr/dev/edu/engg52/sudoku/modelsim/top.v Line: 16
    Warning (13410): Pin "d3[6]" is stuck at VCC File: /home/andreojr/dev/edu/engg52/sudoku/modelsim/top.v Line: 16
    Warning (13410): Pin "d5[0]" is stuck at GND File: /home/andreojr/dev/edu/engg52/sudoku/modelsim/top.v Line: 16
    Warning (13410): Pin "d5[1]" is stuck at GND File: /home/andreojr/dev/edu/engg52/sudoku/modelsim/top.v Line: 16
    Warning (13410): Pin "d5[2]" is stuck at GND File: /home/andreojr/dev/edu/engg52/sudoku/modelsim/top.v Line: 16
    Warning (13410): Pin "d5[3]" is stuck at GND File: /home/andreojr/dev/edu/engg52/sudoku/modelsim/top.v Line: 16
    Warning (13410): Pin "d5[4]" is stuck at GND File: /home/andreojr/dev/edu/engg52/sudoku/modelsim/top.v Line: 16
    Warning (13410): Pin "d5[5]" is stuck at GND File: /home/andreojr/dev/edu/engg52/sudoku/modelsim/top.v Line: 16
    Warning (13410): Pin "d5[6]" is stuck at VCC File: /home/andreojr/dev/edu/engg52/sudoku/modelsim/top.v Line: 16
Info (286030): Timing-Driven Synthesis is running
Info (17049): 8 registers lost all their fanouts during netlist optimizations.
Info (16010): Generating hard_block partition "hard_block:auto_generated_inst"
    Info (16011): Adding 0 node(s), including 0 DDIO, 0 PLL, 0 transceiver and 0 LCELL
Info (21057): Implemented 325 device resources after synthesis - the final resource count might be different
    Info (21058): Implemented 9 input pins
    Info (21059): Implemented 73 output pins
    Info (21061): Implemented 243 logic cells
Info: Quartus Prime Analysis & Synthesis was successful. 0 errors, 39 warnings
    Info: Peak virtual memory: 572 megabytes
    Info: Processing ended: Fri Jul 11 19:28:02 2025
    Info: Elapsed time: 00:00:06
    Info: Total CPU time (on all processors): 00:00:14


