Analysis & Synthesis report for controller
Thu Jul  3 18:40:44 2025
Quartus Prime Version 24.1std.0 Build 1077 03/04/2025 SC Lite Edition


---------------------
; Table of Contents ;
---------------------
  1. Legal Notice
  2. Analysis & Synthesis Summary
  3. Analysis & Synthesis Settings
  4. Parallel Compilation
  5. Analysis & Synthesis Messages



----------------
; Legal Notice ;
----------------
Copyright (C) 2025  Altera Corporation. All rights reserved.
Your use of Altera Corporation's design tools, logic functions 
and other software and tools, and any partner logic 
functions, and any output files from any of the foregoing 
(including device programming or simulation files), and any 
associated documentation or information are expressly subject 
to the terms and conditions of the Altera Program License 
Subscription Agreement, the Altera Quartus Prime License Agreement,
the Altera IP License Agreement, or other applicable license
agreement, including, without limitation, that your use is for
the sole purpose of programming logic devices manufactured by
Altera and sold by Altera or its authorized distributors.  Please
refer to the Altera Software License Subscription Agreements 
on the Quartus Prime software download page.



+--------------------------------------------------------------------------------------+
; Analysis & Synthesis Summary                                                         ;
+------------------------------------+-------------------------------------------------+
; Analysis & Synthesis Status        ; Failed - Thu Jul  3 18:40:44 2025               ;
; Quartus Prime Version              ; 24.1std.0 Build 1077 03/04/2025 SC Lite Edition ;
; Revision Name                      ; controller                                      ;
; Top-level Entity Name              ; top                                             ;
; Family                             ; Cyclone IV E                                    ;
; Total logic elements               ; N/A until Partition Merge                       ;
;     Total combinational functions  ; N/A until Partition Merge                       ;
;     Dedicated logic registers      ; N/A until Partition Merge                       ;
; Total registers                    ; N/A until Partition Merge                       ;
; Total pins                         ; N/A until Partition Merge                       ;
; Total virtual pins                 ; N/A until Partition Merge                       ;
; Total memory bits                  ; N/A until Partition Merge                       ;
; Embedded Multiplier 9-bit elements ; N/A until Partition Merge                       ;
; Total PLLs                         ; N/A until Partition Merge                       ;
+------------------------------------+-------------------------------------------------+


+------------------------------------------------------------------------------------------------------------+
; Analysis & Synthesis Settings                                                                              ;
+------------------------------------------------------------------+--------------------+--------------------+
; Option                                                           ; Setting            ; Default Value      ;
+------------------------------------------------------------------+--------------------+--------------------+
; Device                                                           ; EP4CE115F29C8      ;                    ;
; Top-level entity name                                            ; top                ; controller         ;
; Family name                                                      ; Cyclone IV E       ; Cyclone V          ;
; Use smart compilation                                            ; Off                ; Off                ;
; Enable parallel Assembler and Timing Analyzer during compilation ; On                 ; On                 ;
; Enable compact report table                                      ; Off                ; Off                ;
; Restructure Multiplexers                                         ; Auto               ; Auto               ;
; Create Debugging Nodes for IP Cores                              ; Off                ; Off                ;
; Preserve fewer node names                                        ; On                 ; On                 ;
; Intel FPGA IP Evaluation Mode                                    ; Enable             ; Enable             ;
; Verilog Version                                                  ; Verilog_2001       ; Verilog_2001       ;
; VHDL Version                                                     ; VHDL_1993          ; VHDL_1993          ;
; State Machine Processing                                         ; Auto               ; Auto               ;
; Safe State Machine                                               ; Off                ; Off                ;
; Extract Verilog State Machines                                   ; On                 ; On                 ;
; Extract VHDL State Machines                                      ; On                 ; On                 ;
; Ignore Verilog initial constructs                                ; Off                ; Off                ;
; Iteration limit for constant Verilog loops                       ; 5000               ; 5000               ;
; Iteration limit for non-constant Verilog loops                   ; 250                ; 250                ;
; Add Pass-Through Logic to Inferred RAMs                          ; On                 ; On                 ;
; Infer RAMs from Raw Logic                                        ; On                 ; On                 ;
; Parallel Synthesis                                               ; On                 ; On                 ;
; DSP Block Balancing                                              ; Auto               ; Auto               ;
; NOT Gate Push-Back                                               ; On                 ; On                 ;
; Power-Up Don't Care                                              ; On                 ; On                 ;
; Remove Redundant Logic Cells                                     ; Off                ; Off                ;
; Remove Duplicate Registers                                       ; On                 ; On                 ;
; Ignore CARRY Buffers                                             ; Off                ; Off                ;
; Ignore CASCADE Buffers                                           ; Off                ; Off                ;
; Ignore GLOBAL Buffers                                            ; Off                ; Off                ;
; Ignore ROW GLOBAL Buffers                                        ; Off                ; Off                ;
; Ignore LCELL Buffers                                             ; Off                ; Off                ;
; Ignore SOFT Buffers                                              ; On                 ; On                 ;
; Limit AHDL Integers to 32 Bits                                   ; Off                ; Off                ;
; Optimization Technique                                           ; Balanced           ; Balanced           ;
; Carry Chain Length                                               ; 70                 ; 70                 ;
; Auto Carry Chains                                                ; On                 ; On                 ;
; Auto Open-Drain Pins                                             ; On                 ; On                 ;
; Perform WYSIWYG Primitive Resynthesis                            ; Off                ; Off                ;
; Auto ROM Replacement                                             ; On                 ; On                 ;
; Auto RAM Replacement                                             ; On                 ; On                 ;
; Auto DSP Block Replacement                                       ; On                 ; On                 ;
; Auto Shift Register Replacement                                  ; Auto               ; Auto               ;
; Allow Shift Register Merging across Hierarchies                  ; Auto               ; Auto               ;
; Auto Clock Enable Replacement                                    ; On                 ; On                 ;
; Strict RAM Replacement                                           ; Off                ; Off                ;
; Allow Synchronous Control Signals                                ; On                 ; On                 ;
; Force Use of Synchronous Clear Signals                           ; Off                ; Off                ;
; Auto RAM Block Balancing                                         ; On                 ; On                 ;
; Auto RAM to Logic Cell Conversion                                ; Off                ; Off                ;
; Auto Resource Sharing                                            ; Off                ; Off                ;
; Allow Any RAM Size For Recognition                               ; Off                ; Off                ;
; Allow Any ROM Size For Recognition                               ; Off                ; Off                ;
; Allow Any Shift Register Size For Recognition                    ; Off                ; Off                ;
; Use LogicLock Constraints during Resource Balancing              ; On                 ; On                 ;
; Ignore translate_off and synthesis_off directives                ; Off                ; Off                ;
; Timing-Driven Synthesis                                          ; On                 ; On                 ;
; Report Parameter Settings                                        ; On                 ; On                 ;
; Report Source Assignments                                        ; On                 ; On                 ;
; Report Connectivity Checks                                       ; On                 ; On                 ;
; Ignore Maximum Fan-Out Assignments                               ; Off                ; Off                ;
; Synchronization Register Chain Length                            ; 2                  ; 2                  ;
; Power Optimization During Synthesis                              ; Normal compilation ; Normal compilation ;
; HDL message level                                                ; Level2             ; Level2             ;
; Suppress Register Optimization Related Messages                  ; Off                ; Off                ;
; Number of Removed Registers Reported in Synthesis Report         ; 5000               ; 5000               ;
; Number of Swept Nodes Reported in Synthesis Report               ; 5000               ; 5000               ;
; Number of Inverted Registers Reported in Synthesis Report        ; 100                ; 100                ;
; Clock MUX Protection                                             ; On                 ; On                 ;
; Auto Gated Clock Conversion                                      ; Off                ; Off                ;
; Block Design Naming                                              ; Auto               ; Auto               ;
; SDC constraint protection                                        ; Off                ; Off                ;
; Synthesis Effort                                                 ; Auto               ; Auto               ;
; Shift Register Replacement - Allow Asynchronous Clear Signal     ; On                 ; On                 ;
; Pre-Mapping Resynthesis Optimization                             ; Off                ; Off                ;
; Analysis & Synthesis Message Level                               ; Medium             ; Medium             ;
; Disable Register Merging Across Hierarchies                      ; Auto               ; Auto               ;
; Resource Aware Inference For Block RAM                           ; On                 ; On                 ;
+------------------------------------------------------------------+--------------------+--------------------+


+------------------------------------------+
; Parallel Compilation                     ;
+----------------------------+-------------+
; Processors                 ; Number      ;
+----------------------------+-------------+
; Number detected on machine ; 16          ;
; Maximum allowed            ; 16          ;
;                            ;             ;
; Average used               ; 1.00        ;
; Maximum used               ; 1           ;
;                            ;             ;
; Usage by Processor         ; % Time Used ;
;     Processor 1            ; 100.0%      ;
+----------------------------+-------------+


+-------------------------------+
; Analysis & Synthesis Messages ;
+-------------------------------+
Info: *******************************************************************
Info: Running Quartus Prime Analysis & Synthesis
    Info: Version 24.1std.0 Build 1077 03/04/2025 SC Lite Edition
    Info: Processing started: Thu Jul  3 18:40:39 2025
Info: Command: quartus_map --read_settings_files=on --write_settings_files=off controller -c controller
Warning (18236): Number of processors has not been specified which may cause overloading on shared machines.  Set the global assignment NUM_PARALLEL_PROCESSORS in your QSF to an appropriate value for best performance.
Info (20030): Parallel compilation is enabled and will use 16 of the 16 processors detected
Info (12021): Found 1 design units, including 1 entities, in source file debouncer.v
    Info (12023): Found entity 1: button_debouncer File: /home/fontana/dev/ufba/lab-1/sudoku/quartus/controller/debouncer.v Line: 1
Warning (10229): Verilog HDL Expression warning at controller.v(85): truncated literal to match 12 bits File: /home/fontana/dev/ufba/lab-1/sudoku/quartus/controller/controller.v Line: 85
Warning (10229): Verilog HDL Expression warning at controller.v(91): truncated literal to match 12 bits File: /home/fontana/dev/ufba/lab-1/sudoku/quartus/controller/controller.v Line: 91
Warning (10229): Verilog HDL Expression warning at controller.v(102): truncated literal to match 12 bits File: /home/fontana/dev/ufba/lab-1/sudoku/quartus/controller/controller.v Line: 102
Warning (10229): Verilog HDL Expression warning at controller.v(108): truncated literal to match 12 bits File: /home/fontana/dev/ufba/lab-1/sudoku/quartus/controller/controller.v Line: 108
Info (12021): Found 1 design units, including 1 entities, in source file controller.v
    Info (12023): Found entity 1: controller_reader File: /home/fontana/dev/ufba/lab-1/sudoku/quartus/controller/controller.v Line: 1
Info (12021): Found 1 design units, including 1 entities, in source file output_files/top.bdf
    Info (12023): Found entity 1: top
Info (12021): Found 1 design units, including 1 entities, in source file controller_top.v
    Info (12023): Found entity 1: controller File: /home/fontana/dev/ufba/lab-1/sudoku/quartus/controller/controller_top.v Line: 1
Info (12021): Found 1 design units, including 1 entities, in source file led_on_pulse.v
    Info (12023): Found entity 1: led_on_pulse File: /home/fontana/dev/ufba/lab-1/sudoku/quartus/controller/led_on_pulse.v Line: 1
Info (12127): Elaborating entity "top" for the top level hierarchy
Info (12128): Elaborating entity "controller_reader" for hierarchy "controller_reader:inst"
Info (12128): Elaborating entity "controller" for hierarchy "controller:inst1"
Warning (10034): Output port "LEDR" at controller_top.v(6) has no driver File: /home/fontana/dev/ufba/lab-1/sudoku/quartus/controller/controller_top.v Line: 6
Info (12128): Elaborating entity "button_debouncer" for hierarchy "controller:inst1|button_debouncer:debounce_blocks[0].db" File: /home/fontana/dev/ufba/lab-1/sudoku/quartus/controller/controller_top.v Line: 22
Error (10200): Verilog HDL Conditional Statement error at debouncer.v(20): cannot match operand(s) in the condition to the corresponding edges in the enclosing event control of the always construct File: /home/fontana/dev/ufba/lab-1/sudoku/quartus/controller/debouncer.v Line: 20
Warning (10230): Verilog HDL assignment warning at debouncer.v(43): truncated value with size 32 to match size of target (16) File: /home/fontana/dev/ufba/lab-1/sudoku/quartus/controller/debouncer.v Line: 43
Warning (10240): Verilog HDL Always Construct warning at debouncer.v(19): inferring latch(es) for variable "state", which holds its previous value in one or more paths through the always construct File: /home/fontana/dev/ufba/lab-1/sudoku/quartus/controller/debouncer.v Line: 19
Warning (10240): Verilog HDL Always Construct warning at debouncer.v(19): inferring latch(es) for variable "counter", which holds its previous value in one or more paths through the always construct File: /home/fontana/dev/ufba/lab-1/sudoku/quartus/controller/debouncer.v Line: 19
Info (10041): Inferred latch for "counter[0]" at debouncer.v(19) File: /home/fontana/dev/ufba/lab-1/sudoku/quartus/controller/debouncer.v Line: 19
Info (10041): Inferred latch for "counter[1]" at debouncer.v(19) File: /home/fontana/dev/ufba/lab-1/sudoku/quartus/controller/debouncer.v Line: 19
Info (10041): Inferred latch for "counter[2]" at debouncer.v(19) File: /home/fontana/dev/ufba/lab-1/sudoku/quartus/controller/debouncer.v Line: 19
Info (10041): Inferred latch for "counter[3]" at debouncer.v(19) File: /home/fontana/dev/ufba/lab-1/sudoku/quartus/controller/debouncer.v Line: 19
Info (10041): Inferred latch for "counter[4]" at debouncer.v(19) File: /home/fontana/dev/ufba/lab-1/sudoku/quartus/controller/debouncer.v Line: 19
Info (10041): Inferred latch for "counter[5]" at debouncer.v(19) File: /home/fontana/dev/ufba/lab-1/sudoku/quartus/controller/debouncer.v Line: 19
Info (10041): Inferred latch for "counter[6]" at debouncer.v(19) File: /home/fontana/dev/ufba/lab-1/sudoku/quartus/controller/debouncer.v Line: 19
Info (10041): Inferred latch for "counter[7]" at debouncer.v(19) File: /home/fontana/dev/ufba/lab-1/sudoku/quartus/controller/debouncer.v Line: 19
Info (10041): Inferred latch for "counter[8]" at debouncer.v(19) File: /home/fontana/dev/ufba/lab-1/sudoku/quartus/controller/debouncer.v Line: 19
Info (10041): Inferred latch for "counter[9]" at debouncer.v(19) File: /home/fontana/dev/ufba/lab-1/sudoku/quartus/controller/debouncer.v Line: 19
Info (10041): Inferred latch for "counter[10]" at debouncer.v(19) File: /home/fontana/dev/ufba/lab-1/sudoku/quartus/controller/debouncer.v Line: 19
Info (10041): Inferred latch for "counter[11]" at debouncer.v(19) File: /home/fontana/dev/ufba/lab-1/sudoku/quartus/controller/debouncer.v Line: 19
Info (10041): Inferred latch for "counter[12]" at debouncer.v(19) File: /home/fontana/dev/ufba/lab-1/sudoku/quartus/controller/debouncer.v Line: 19
Info (10041): Inferred latch for "counter[13]" at debouncer.v(19) File: /home/fontana/dev/ufba/lab-1/sudoku/quartus/controller/debouncer.v Line: 19
Info (10041): Inferred latch for "counter[14]" at debouncer.v(19) File: /home/fontana/dev/ufba/lab-1/sudoku/quartus/controller/debouncer.v Line: 19
Info (10041): Inferred latch for "counter[15]" at debouncer.v(19) File: /home/fontana/dev/ufba/lab-1/sudoku/quartus/controller/debouncer.v Line: 19
Info (10041): Inferred latch for "state.S_WAIT_RELEASE" at debouncer.v(19) File: /home/fontana/dev/ufba/lab-1/sudoku/quartus/controller/debouncer.v Line: 19
Info (10041): Inferred latch for "state.S_PULSE" at debouncer.v(19) File: /home/fontana/dev/ufba/lab-1/sudoku/quartus/controller/debouncer.v Line: 19
Info (10041): Inferred latch for "state.S_COUNT" at debouncer.v(19) File: /home/fontana/dev/ufba/lab-1/sudoku/quartus/controller/debouncer.v Line: 19
Info (10041): Inferred latch for "state.S_IDLE" at debouncer.v(19) File: /home/fontana/dev/ufba/lab-1/sudoku/quartus/controller/debouncer.v Line: 19
Error (12152): Can't elaborate user hierarchy "controller:inst1|button_debouncer:debounce_blocks[0].db" File: /home/fontana/dev/ufba/lab-1/sudoku/quartus/controller/controller_top.v Line: 22
Error: Quartus Prime Analysis & Synthesis was unsuccessful. 2 errors, 9 warnings
    Error: Peak virtual memory: 335 megabytes
    Error: Processing ended: Thu Jul  3 18:40:44 2025
    Error: Elapsed time: 00:00:05
    Error: Total CPU time (on all processors): 00:00:13


